430  [restartedMain] INFO  br.embrapa.MopApi1Application - Starting MopApi1Application on PC-Carlos with PID 11776 (G:\Documentos\workspacespring\MOP-api-idUnica\target\classes started by Carlos Melo in G:\Documentos\workspacespring\MOP-api-idUnica)
431  [restartedMain] INFO  br.embrapa.MopApi1Application - No active profile set, falling back to default profiles: default
477  [restartedMain] INFO  o.s.b.c.e.AnnotationConfigEmbeddedWebApplicationContext - Refreshing org.springframework.boot.context.embedded.AnnotationConfigEmbeddedWebApplicationContext@1e6168a0: startup date [Sun Sep 20 11:05:41 BRT 2020]; root of context hierarchy
618  [background-preinit] INFO  o.h.validator.internal.util.Version - HV000001: Hibernate Validator 5.3.6.Final
2037 [restartedMain] INFO  o.s.b.f.a.AutowiredAnnotationBeanPostProcessor - JSR-330 'javax.inject.Inject' annotation found and supported for autowiring
2163 [restartedMain] INFO  o.s.c.s.PostProcessorRegistrationDelegate$BeanPostProcessorChecker - Bean 'org.springframework.transaction.annotation.ProxyTransactionManagementConfiguration' of type [org.springframework.transaction.annotation.ProxyTransactionManagementConfiguration$$EnhancerBySpringCGLIB$$23417859] is not eligible for getting processed by all BeanPostProcessors (for example: not eligible for auto-proxying)
2591 [restartedMain] INFO  o.s.b.c.e.t.TomcatEmbeddedServletContainer - Tomcat initialized with port(s): 8081 (http)
2607 [restartedMain] INFO  o.a.coyote.http11.Http11NioProtocol - Initializing ProtocolHandler ["http-nio-8081"]
2617 [restartedMain] INFO  o.a.catalina.core.StandardService - Starting service [Tomcat]
2618 [restartedMain] INFO  o.a.catalina.core.StandardEngine - Starting Servlet Engine: Apache Tomcat/8.5.34
2738 [localhost-startStop-1] INFO  o.a.c.c.C.[Tomcat].[localhost].[/] - Initializing Spring embedded WebApplicationContext
2738 [localhost-startStop-1] INFO  o.s.web.context.ContextLoader - Root WebApplicationContext: initialization completed in 2261 ms
2949 [localhost-startStop-1] INFO  o.s.b.w.s.FilterRegistrationBean - Mapping filter: 'corsFilter' to: [/*]
2950 [localhost-startStop-1] INFO  o.s.b.w.s.FilterRegistrationBean - Mapping filter: 'refreshTokenCookiePreProcessorFilter' to: [/*]
2950 [localhost-startStop-1] INFO  o.s.b.w.s.FilterRegistrationBean - Mapping filter: 'characterEncodingFilter' to: [/*]
2950 [localhost-startStop-1] INFO  o.s.b.w.s.FilterRegistrationBean - Mapping filter: 'hiddenHttpMethodFilter' to: [/*]
2950 [localhost-startStop-1] INFO  o.s.b.w.s.FilterRegistrationBean - Mapping filter: 'httpPutFormContentFilter' to: [/*]
2950 [localhost-startStop-1] INFO  o.s.b.w.s.FilterRegistrationBean - Mapping filter: 'requestContextFilter' to: [/*]
2951 [localhost-startStop-1] INFO  o.s.b.w.s.DelegatingFilterProxyRegistrationBean - Mapping filter: 'springSecurityFilterChain' to: [/*]
2951 [localhost-startStop-1] INFO  o.s.b.w.s.ServletRegistrationBean - Mapping servlet: 'dispatcherServlet' to [/]
3582 [restartedMain] INFO  o.s.o.j.LocalContainerEntityManagerFactoryBean - Building JPA container EntityManagerFactory for persistence unit 'default'
3594 [restartedMain] INFO  o.h.jpa.internal.util.LogHelper - HHH000204: Processing PersistenceUnitInfo [
	name: default
	...]
3660 [restartedMain] INFO  org.hibernate.Version - HHH000412: Hibernate Core {5.0.12.Final}
3662 [restartedMain] INFO  org.hibernate.cfg.Environment - HHH000206: hibernate.properties not found
3663 [restartedMain] INFO  org.hibernate.cfg.Environment - HHH000021: Bytecode provider name : javassist
3704 [restartedMain] INFO  o.h.annotations.common.Version - HCANN000001: Hibernate Commons Annotations {5.0.1.Final}
3956 [restartedMain] INFO  org.hibernate.dialect.Dialect - HHH000400: Using dialect: org.hibernate.dialect.MySQL5Dialect
4487 [restartedMain] INFO  o.s.o.j.LocalContainerEntityManagerFactoryBean - Initialized JPA EntityManagerFactory for persistence unit 'default'
5398 [restartedMain] INFO  o.s.s.w.DefaultSecurityFilterChain - Creating filter chain: org.springframework.security.web.util.matcher.AnyRequestMatcher@1, [org.springframework.security.web.context.request.async.WebAsyncManagerIntegrationFilter@19699544, org.springframework.security.web.context.SecurityContextPersistenceFilter@7f8b6030, org.springframework.security.web.header.HeaderWriterFilter@663d5a68, org.springframework.security.web.authentication.logout.LogoutFilter@5dd0b415, org.springframework.security.oauth2.provider.authentication.OAuth2AuthenticationProcessingFilter@27a0b5e0, org.springframework.security.web.savedrequest.RequestCacheAwareFilter@4806ec20, org.springframework.security.web.servletapi.SecurityContextHolderAwareRequestFilter@19952ca4, org.springframework.security.web.authentication.AnonymousAuthenticationFilter@7c51d39d, org.springframework.security.web.session.SessionManagementFilter@4696532c, org.springframework.security.web.access.ExceptionTranslationFilter@1b8688a6, org.springframework.security.web.access.intercept.FilterSecurityInterceptor@68ee9a93]
5651 [restartedMain] INFO  o.s.w.s.m.m.a.RequestMappingHandlerAdapter - Looking for @ControllerAdvice: org.springframework.boot.context.embedded.AnnotationConfigEmbeddedWebApplicationContext@1e6168a0: startup date [Sun Sep 20 11:05:41 BRT 2020]; root of context hierarchy
5660 [restartedMain] INFO  o.s.w.s.m.m.a.RequestMappingHandlerAdapter - Detected ResponseBodyAdvice bean in refreshTokenPostProcessor
5707 [restartedMain] INFO  o.s.w.s.m.m.a.RequestMappingHandlerMapping - Mapped "{[/appavaliacao/{codigo}],methods=[GET]}" onto public org.springframework.http.ResponseEntity<br.embrapa.model.AppAvaliacao> br.embrapa.resource.AppAvaliacaoResource.buscarPeloCodigo(java.lang.Long)
5708 [restartedMain] INFO  o.s.w.s.m.m.a.RequestMappingHandlerMapping - Mapped "{[/appavaliacao],methods=[POST]}" onto public org.springframework.http.ResponseEntity<br.embrapa.model.AppAvaliacao> br.embrapa.resource.AppAvaliacaoResource.criar(br.embrapa.model.AppAvaliacao,javax.servlet.http.HttpServletResponse)
5709 [restartedMain] INFO  o.s.w.s.m.m.a.RequestMappingHandlerMapping - Mapped "{[/appavaliacao/{codigo}],methods=[DELETE]}" onto public void br.embrapa.resource.AppAvaliacaoResource.remover(java.lang.Long)
5709 [restartedMain] INFO  o.s.w.s.m.m.a.RequestMappingHandlerMapping - Mapped "{[/appavaliacao/{codigo}],methods=[PUT]}" onto public org.springframework.http.ResponseEntity<br.embrapa.model.AppAvaliacao> br.embrapa.resource.AppAvaliacaoResource.atualizar(java.lang.Long,br.embrapa.model.AppAvaliacao)
5709 [restartedMain] INFO  o.s.w.s.m.m.a.RequestMappingHandlerMapping - Mapped "{[/appavaliacao],methods=[GET]}" onto public org.springframework.data.domain.Page<br.embrapa.model.AppAvaliacao> br.embrapa.resource.AppAvaliacaoResource.Pesquisar(br.embrapa.repository.filter.AppAvaliacaoFilter,org.springframework.data.domain.Pageable)
5710 [restartedMain] INFO  o.s.w.s.m.m.a.RequestMappingHandlerMapping - Mapped "{[/appcoletadedados/{codigo}],methods=[GET]}" onto public org.springframework.http.ResponseEntity<br.embrapa.model.AppColetaDeDados> br.embrapa.resource.AppColetaDeDadosResource.buscarPeloCodigo(java.lang.Long)
5711 [restartedMain] INFO  o.s.w.s.m.m.a.RequestMappingHandlerMapping - Mapped "{[/appcoletadedados],methods=[POST]}" onto public org.springframework.http.ResponseEntity<br.embrapa.model.AppColetaDeDados> br.embrapa.resource.AppColetaDeDadosResource.criar(br.embrapa.model.AppColetaDeDados,javax.servlet.http.HttpServletResponse)
5711 [restartedMain] INFO  o.s.w.s.m.m.a.RequestMappingHandlerMapping - Mapped "{[/appcoletadedados/{codigo}],methods=[DELETE]}" onto public void br.embrapa.resource.AppColetaDeDadosResource.remover(java.lang.Long)
5711 [restartedMain] INFO  o.s.w.s.m.m.a.RequestMappingHandlerMapping - Mapped "{[/appcoletadedados/{codigo}],methods=[PUT]}" onto public org.springframework.http.ResponseEntity<br.embrapa.model.AppColetaDeDados> br.embrapa.resource.AppColetaDeDadosResource.atualizar(java.lang.Long,br.embrapa.model.AppColetaDeDados)
5711 [restartedMain] INFO  o.s.w.s.m.m.a.RequestMappingHandlerMapping - Mapped "{[/appcoletadedados],methods=[GET]}" onto public org.springframework.data.domain.Page<br.embrapa.model.AppColetaDeDados> br.embrapa.resource.AppColetaDeDadosResource.Pesquisar(br.embrapa.repository.filter.AppColetaDeDadosFilter,org.springframework.data.domain.Pageable)
5712 [restartedMain] INFO  o.s.w.s.m.m.a.RequestMappingHandlerMapping - Mapped "{[/appmonitoramento/{codigo}],methods=[GET]}" onto public org.springframework.http.ResponseEntity<br.embrapa.model.AppMonitoramento> br.embrapa.resource.AppMonitoramentoResource.buscarPeloCodigo(java.lang.Long)
5713 [restartedMain] INFO  o.s.w.s.m.m.a.RequestMappingHandlerMapping - Mapped "{[/appmonitoramento],methods=[POST]}" onto public org.springframework.http.ResponseEntity<br.embrapa.model.AppMonitoramento> br.embrapa.resource.AppMonitoramentoResource.criar(br.embrapa.model.AppMonitoramento,javax.servlet.http.HttpServletResponse)
5713 [restartedMain] INFO  o.s.w.s.m.m.a.RequestMappingHandlerMapping - Mapped "{[/appmonitoramento/{codigo}],methods=[DELETE]}" onto public void br.embrapa.resource.AppMonitoramentoResource.remover(java.lang.Long)
5713 [restartedMain] INFO  o.s.w.s.m.m.a.RequestMappingHandlerMapping - Mapped "{[/appmonitoramento/{codigo}],methods=[PUT]}" onto public org.springframework.http.ResponseEntity<br.embrapa.model.AppMonitoramento> br.embrapa.resource.AppMonitoramentoResource.atualizar(java.lang.Long,br.embrapa.model.AppMonitoramento)
5713 [restartedMain] INFO  o.s.w.s.m.m.a.RequestMappingHandlerMapping - Mapped "{[/appmonitoramento],methods=[GET]}" onto public org.springframework.data.domain.Page<br.embrapa.model.AppMonitoramento> br.embrapa.resource.AppMonitoramentoResource.Pesquisar(br.embrapa.repository.filter.AppMonitoramentoFilter,org.springframework.data.domain.Pageable)
5714 [restartedMain] INFO  o.s.w.s.m.m.a.RequestMappingHandlerMapping - Mapped "{[/appverificadoresmonitoramento],methods=[GET]}" onto public org.springframework.data.domain.Page<br.embrapa.model.AppVerificadoresMonitoramento> br.embrapa.resource.AppVerificadoresMonitoramentoResource.Pesquisar(br.embrapa.repository.filter.AppVerificadoresMonitoramentoFilter,org.springframework.data.domain.Pageable)
5715 [restartedMain] INFO  o.s.w.s.m.m.a.RequestMappingHandlerMapping - Mapped "{[/associarverificadoresmateriais/{codigo}],methods=[GET]}" onto public org.springframework.http.ResponseEntity<br.embrapa.model.AssociarVerificadorAosLocaisMateriais> br.embrapa.resource.AssociarVerificadorAosLocaisMateriaisResource.buscarPeloCodigo(java.lang.Long)
5715 [restartedMain] INFO  o.s.w.s.m.m.a.RequestMappingHandlerMapping - Mapped "{[/associarverificadoresmateriais],methods=[POST]}" onto public org.springframework.http.ResponseEntity<br.embrapa.model.AssociarVerificadorAosLocaisMateriais> br.embrapa.resource.AssociarVerificadorAosLocaisMateriaisResource.criar(br.embrapa.model.AssociarVerificadorAosLocaisMateriais,javax.servlet.http.HttpServletResponse)
5715 [restartedMain] INFO  o.s.w.s.m.m.a.RequestMappingHandlerMapping - Mapped "{[/associarverificadoresmateriais/{codigo}],methods=[DELETE]}" onto public void br.embrapa.resource.AssociarVerificadorAosLocaisMateriaisResource.remover(java.lang.Long)
5715 [restartedMain] INFO  o.s.w.s.m.m.a.RequestMappingHandlerMapping - Mapped "{[/associarverificadoresmateriais/{codigo}],methods=[PUT]}" onto public org.springframework.http.ResponseEntity<br.embrapa.model.AssociarVerificadorAosLocaisMateriais> br.embrapa.resource.AssociarVerificadorAosLocaisMateriaisResource.atualizar(java.lang.Long,br.embrapa.model.AssociarVerificadorAosLocaisMateriais)
5715 [restartedMain] INFO  o.s.w.s.m.m.a.RequestMappingHandlerMapping - Mapped "{[/associarverificadoresmateriais],methods=[GET]}" onto public org.springframework.data.domain.Page<br.embrapa.model.AssociarVerificadorAosLocaisMateriais> br.embrapa.resource.AssociarVerificadorAosLocaisMateriaisResource.Pesquisar(br.embrapa.repository.filter.AssociarVerificadorAosLocaisMateriaisFilter,org.springframework.data.domain.Pageable)
5716 [restartedMain] INFO  o.s.w.s.m.m.a.RequestMappingHandlerMapping - Mapped "{[/associarverificadores/{codigo}],methods=[GET]}" onto public org.springframework.http.ResponseEntity<br.embrapa.model.AssociarVerificadorAosLocais> br.embrapa.resource.AssociarVerificadorAosLocaisResource.buscarPeloCodigo(java.lang.Long)
5717 [restartedMain] INFO  o.s.w.s.m.m.a.RequestMappingHandlerMapping - Mapped "{[/associarverificadores],methods=[POST]}" onto public org.springframework.http.ResponseEntity<br.embrapa.model.AssociarVerificadorAosLocais> br.embrapa.resource.AssociarVerificadorAosLocaisResource.criar(br.embrapa.model.AssociarVerificadorAosLocais,javax.servlet.http.HttpServletResponse)
5717 [restartedMain] INFO  o.s.w.s.m.m.a.RequestMappingHandlerMapping - Mapped "{[/associarverificadores/{codigo}],methods=[DELETE]}" onto public void br.embrapa.resource.AssociarVerificadorAosLocaisResource.remover(java.lang.Long)
5717 [restartedMain] INFO  o.s.w.s.m.m.a.RequestMappingHandlerMapping - Mapped "{[/associarverificadores/{codigo}],methods=[PUT]}" onto public org.springframework.http.ResponseEntity<br.embrapa.model.AssociarVerificadorAosLocais> br.embrapa.resource.AssociarVerificadorAosLocaisResource.atualizar(java.lang.Long,br.embrapa.model.AssociarVerificadorAosLocais)
5717 [restartedMain] INFO  o.s.w.s.m.m.a.RequestMappingHandlerMapping - Mapped "{[/associarverificadores],methods=[GET]}" onto public org.springframework.data.domain.Page<br.embrapa.model.AssociarVerificadorAosLocais> br.embrapa.resource.AssociarVerificadorAosLocaisResource.Pesquisar(br.embrapa.repository.filter.AssociarVerificadorAosLocaisFilter,org.springframework.data.domain.Pageable)
5719 [restartedMain] INFO  o.s.w.s.m.m.a.RequestMappingHandlerMapping - Mapped "{[/cadamostragem],methods=[GET],params=[resumo]}" onto public org.springframework.data.domain.Page<br.embrapa.repository.projections.ResumoCadAmostragem> br.embrapa.resource.CadAmostragemResource.resumir(br.embrapa.repository.filter.CadAmostragemFilter,org.springframework.data.domain.Pageable)
5719 [restartedMain] INFO  o.s.w.s.m.m.a.RequestMappingHandlerMapping - Mapped "{[/cadamostragem/{codigo}],methods=[GET]}" onto public org.springframework.http.ResponseEntity<br.embrapa.model.CadAmostragem> br.embrapa.resource.CadAmostragemResource.buscarPeloCodigo(java.lang.Long)
5720 [restartedMain] INFO  o.s.w.s.m.m.a.RequestMappingHandlerMapping - Mapped "{[/cadamostragem],methods=[POST]}" onto public org.springframework.http.ResponseEntity<br.embrapa.model.CadAmostragem> br.embrapa.resource.CadAmostragemResource.criar(br.embrapa.model.CadAmostragem,javax.servlet.http.HttpServletResponse)
5720 [restartedMain] INFO  o.s.w.s.m.m.a.RequestMappingHandlerMapping - Mapped "{[/cadamostragem/{codigo}],methods=[DELETE]}" onto public void br.embrapa.resource.CadAmostragemResource.remover(java.lang.Long)
5720 [restartedMain] INFO  o.s.w.s.m.m.a.RequestMappingHandlerMapping - Mapped "{[/cadamostragem/{codigo}],methods=[PUT]}" onto public org.springframework.http.ResponseEntity<br.embrapa.model.CadAmostragem> br.embrapa.resource.CadAmostragemResource.atualizar(java.lang.Long,br.embrapa.model.CadAmostragem)
5720 [restartedMain] INFO  o.s.w.s.m.m.a.RequestMappingHandlerMapping - Mapped "{[/cadamostragem],methods=[GET]}" onto public org.springframework.data.domain.Page<br.embrapa.model.CadAmostragem> br.embrapa.resource.CadAmostragemResource.Pesquisar(br.embrapa.repository.filter.CadAmostragemFilter,org.springframework.data.domain.Pageable)
5723 [restartedMain] INFO  o.s.w.s.m.m.a.RequestMappingHandlerMapping - Mapped "{[/cadempresa/{cdEmpresa}],methods=[GET]}" onto public org.springframework.http.ResponseEntity<br.embrapa.model.CadEmpresa> br.embrapa.resource.CadEmpresaResource.buscarPeloCodigo(java.lang.Long)
5723 [restartedMain] INFO  o.s.w.s.m.m.a.RequestMappingHandlerMapping - Mapped "{[/cadempresa],methods=[POST]}" onto public org.springframework.http.ResponseEntity<br.embrapa.model.CadEmpresa> br.embrapa.resource.CadEmpresaResource.criar(br.embrapa.model.CadEmpresa,javax.servlet.http.HttpServletResponse)
5723 [restartedMain] INFO  o.s.w.s.m.m.a.RequestMappingHandlerMapping - Mapped "{[/cadempresa/{cdEmpresa}],methods=[DELETE]}" onto public void br.embrapa.resource.CadEmpresaResource.remover(java.lang.Long)
5723 [restartedMain] INFO  o.s.w.s.m.m.a.RequestMappingHandlerMapping - Mapped "{[/cadempresa/{cdEmpresa}],methods=[PUT]}" onto public org.springframework.http.ResponseEntity<br.embrapa.model.CadEmpresa> br.embrapa.resource.CadEmpresaResource.atualizar(java.lang.Long,br.embrapa.model.CadEmpresa)
5723 [restartedMain] INFO  o.s.w.s.m.m.a.RequestMappingHandlerMapping - Mapped "{[/cadempresa],methods=[GET]}" onto public org.springframework.data.domain.Page<br.embrapa.model.CadEmpresa> br.embrapa.resource.CadEmpresaResource.pesquisar(br.embrapa.repository.filter.CadEmpresaFilter,org.springframework.data.domain.Pageable)
5725 [restartedMain] INFO  o.s.w.s.m.m.a.RequestMappingHandlerMapping - Mapped "{[/cadfrequencia],methods=[GET],params=[resumo]}" onto public org.springframework.data.domain.Page<br.embrapa.repository.projections.ResumoCadFrequencia> br.embrapa.resource.CadFrequenciaResource.resumir(br.embrapa.repository.filter.CadFrequenciaFilter,org.springframework.data.domain.Pageable)
5725 [restartedMain] INFO  o.s.w.s.m.m.a.RequestMappingHandlerMapping - Mapped "{[/cadfrequencia/{codigo}],methods=[GET]}" onto public org.springframework.http.ResponseEntity<br.embrapa.model.CadFrequencia> br.embrapa.resource.CadFrequenciaResource.buscarPeloCodigo(java.lang.Long)
5725 [restartedMain] INFO  o.s.w.s.m.m.a.RequestMappingHandlerMapping - Mapped "{[/cadfrequencia],methods=[POST]}" onto public org.springframework.http.ResponseEntity<br.embrapa.model.CadFrequencia> br.embrapa.resource.CadFrequenciaResource.criar(br.embrapa.model.CadFrequencia,javax.servlet.http.HttpServletResponse)
5725 [restartedMain] INFO  o.s.w.s.m.m.a.RequestMappingHandlerMapping - Mapped "{[/cadfrequencia/{codigo}],methods=[DELETE]}" onto public void br.embrapa.resource.CadFrequenciaResource.remover(java.lang.Long)
5726 [restartedMain] INFO  o.s.w.s.m.m.a.RequestMappingHandlerMapping - Mapped "{[/cadfrequencia/{codigo}],methods=[PUT]}" onto public org.springframework.http.ResponseEntity<br.embrapa.model.CadFrequencia> br.embrapa.resource.CadFrequenciaResource.atualizar(java.lang.Long,br.embrapa.model.CadFrequencia)
5727 [restartedMain] INFO  o.s.w.s.m.m.a.RequestMappingHandlerMapping - Mapped "{[/cadfrequencia],methods=[GET]}" onto public org.springframework.data.domain.Page<br.embrapa.model.CadFrequencia> br.embrapa.resource.CadFrequenciaResource.Pesquisar(br.embrapa.repository.filter.CadFrequenciaFilter,org.springframework.data.domain.Pageable)
5728 [restartedMain] INFO  o.s.w.s.m.m.a.RequestMappingHandlerMapping - Mapped "{[/cadmaterial],methods=[GET],params=[resumo]}" onto public org.springframework.data.domain.Page<br.embrapa.repository.projections.ResumoCadMaterial> br.embrapa.resource.CadMaterialResource.resumir(br.embrapa.repository.filter.CadMaterialFilter,org.springframework.data.domain.Pageable)
5728 [restartedMain] INFO  o.s.w.s.m.m.a.RequestMappingHandlerMapping - Mapped "{[/cadmaterial/{codigo}],methods=[GET]}" onto public org.springframework.http.ResponseEntity<br.embrapa.model.CadMaterial> br.embrapa.resource.CadMaterialResource.buscarPeloCodigo(java.lang.Long)
5728 [restartedMain] INFO  o.s.w.s.m.m.a.RequestMappingHandlerMapping - Mapped "{[/cadmaterial],methods=[POST]}" onto public org.springframework.http.ResponseEntity<br.embrapa.model.CadMaterial> br.embrapa.resource.CadMaterialResource.criar(br.embrapa.model.CadMaterial,javax.servlet.http.HttpServletResponse)
5728 [restartedMain] INFO  o.s.w.s.m.m.a.RequestMappingHandlerMapping - Mapped "{[/cadmaterial/{codigo}],methods=[DELETE]}" onto public void br.embrapa.resource.CadMaterialResource.remover(java.lang.Long)
5729 [restartedMain] INFO  o.s.w.s.m.m.a.RequestMappingHandlerMapping - Mapped "{[/cadmaterial/{codigo}],methods=[PUT]}" onto public org.springframework.http.ResponseEntity<br.embrapa.model.CadMaterial> br.embrapa.resource.CadMaterialResource.atualizar(java.lang.Long,br.embrapa.model.CadMaterial)
5729 [restartedMain] INFO  o.s.w.s.m.m.a.RequestMappingHandlerMapping - Mapped "{[/cadmaterial],methods=[GET]}" onto public org.springframework.data.domain.Page<br.embrapa.model.CadMaterial> br.embrapa.resource.CadMaterialResource.Pesquisar(br.embrapa.repository.filter.CadMaterialFilter,org.springframework.data.domain.Pageable)
5729 [restartedMain] INFO  o.s.w.s.m.m.a.RequestMappingHandlerMapping - Mapped "{[/cadniveldeavaliacao/{codigo}],methods=[GET]}" onto public org.springframework.http.ResponseEntity<br.embrapa.model.CadNivelDeAvaliacao> br.embrapa.resource.CadNivelDeAvaliacaoResource.buscarPeloCodigo(java.lang.Long)
5730 [restartedMain] INFO  o.s.w.s.m.m.a.RequestMappingHandlerMapping - Mapped "{[/cadniveldeavaliacao/{codigo}],methods=[PUT]}" onto public org.springframework.http.ResponseEntity<br.embrapa.model.CadNivelDeAvaliacao> br.embrapa.resource.CadNivelDeAvaliacaoResource.atualizar(java.lang.Long,br.embrapa.model.CadNivelDeAvaliacao)
5730 [restartedMain] INFO  o.s.w.s.m.m.a.RequestMappingHandlerMapping - Mapped "{[/cadniveldeavaliacao],methods=[GET]}" onto public org.springframework.data.domain.Page<br.embrapa.model.CadNivelDeAvaliacao> br.embrapa.resource.CadNivelDeAvaliacaoResource.Pesquisar(br.embrapa.repository.filter.CadNivelDeAvaliacaoFilter,org.springframework.data.domain.Pageable)
5731 [restartedMain] INFO  o.s.w.s.m.m.a.RequestMappingHandlerMapping - Mapped "{[/cadtipodemetodo],methods=[GET],params=[resumo]}" onto public org.springframework.data.domain.Page<br.embrapa.repository.projections.ResumoCadTipoDeMetodo> br.embrapa.resource.CadTipoDeMetodoResource.resumir(br.embrapa.repository.filter.CadTipoDeMetodoFilter,org.springframework.data.domain.Pageable)
5731 [restartedMain] INFO  o.s.w.s.m.m.a.RequestMappingHandlerMapping - Mapped "{[/cadtipodemetodo/{codigo}],methods=[GET]}" onto public org.springframework.http.ResponseEntity<br.embrapa.model.CadTipoDeMetodo> br.embrapa.resource.CadTipoDeMetodoResource.buscarPeloCodigo(java.lang.Long)
5731 [restartedMain] INFO  o.s.w.s.m.m.a.RequestMappingHandlerMapping - Mapped "{[/cadtipodemetodo],methods=[POST]}" onto public org.springframework.http.ResponseEntity<br.embrapa.model.CadTipoDeMetodo> br.embrapa.resource.CadTipoDeMetodoResource.criar(br.embrapa.model.CadTipoDeMetodo,javax.servlet.http.HttpServletResponse)
5731 [restartedMain] INFO  o.s.w.s.m.m.a.RequestMappingHandlerMapping - Mapped "{[/cadtipodemetodo/{codigo}],methods=[DELETE]}" onto public void br.embrapa.resource.CadTipoDeMetodoResource.remover(java.lang.Long)
5731 [restartedMain] INFO  o.s.w.s.m.m.a.RequestMappingHandlerMapping - Mapped "{[/cadtipodemetodo/{codigo}],methods=[PUT]}" onto public org.springframework.http.ResponseEntity<br.embrapa.model.CadTipoDeMetodo> br.embrapa.resource.CadTipoDeMetodoResource.atualizar(java.lang.Long,br.embrapa.model.CadTipoDeMetodo)
5731 [restartedMain] INFO  o.s.w.s.m.m.a.RequestMappingHandlerMapping - Mapped "{[/cadtipodemetodo],methods=[GET]}" onto public org.springframework.data.domain.Page<br.embrapa.model.CadTipoDeMetodo> br.embrapa.resource.CadTipoDeMetodoResource.Pesquisar(br.embrapa.repository.filter.CadTipoDeMetodoFilter,org.springframework.data.domain.Pageable)
5732 [restartedMain] INFO  o.s.w.s.m.m.a.RequestMappingHandlerMapping - Mapped "{[/cadtipodeverificador/{codigo}],methods=[GET]}" onto public org.springframework.http.ResponseEntity<br.embrapa.model.CadTipoDeVerificador> br.embrapa.resource.CadTipoDeVerificadorResource.buscarPeloCodigo(java.lang.Long)
5733 [restartedMain] INFO  o.s.w.s.m.m.a.RequestMappingHandlerMapping - Mapped "{[/cadtipodeverificador],methods=[POST]}" onto public org.springframework.http.ResponseEntity<br.embrapa.model.CadTipoDeVerificador> br.embrapa.resource.CadTipoDeVerificadorResource.criar(br.embrapa.model.CadTipoDeVerificador,javax.servlet.http.HttpServletResponse)
5733 [restartedMain] INFO  o.s.w.s.m.m.a.RequestMappingHandlerMapping - Mapped "{[/cadtipodeverificador/{codigo}],methods=[DELETE]}" onto public void br.embrapa.resource.CadTipoDeVerificadorResource.remover(java.lang.Long)
5733 [restartedMain] INFO  o.s.w.s.m.m.a.RequestMappingHandlerMapping - Mapped "{[/cadtipodeverificador/{codigo}],methods=[PUT]}" onto public org.springframework.http.ResponseEntity<br.embrapa.model.CadTipoDeVerificador> br.embrapa.resource.CadTipoDeVerificadorResource.atualizar(java.lang.Long,br.embrapa.model.CadTipoDeVerificador)
5733 [restartedMain] INFO  o.s.w.s.m.m.a.RequestMappingHandlerMapping - Mapped "{[/cadtipodeverificador],methods=[GET]}" onto public org.springframework.data.domain.Page<br.embrapa.model.CadTipoDeVerificador> br.embrapa.resource.CadTipoDeVerificadorResource.Pesquisar(br.embrapa.repository.filter.CadTipoDeVerificadorFilter,org.springframework.data.domain.Pageable)
5734 [restartedMain] INFO  o.s.w.s.m.m.a.RequestMappingHandlerMapping - Mapped "{[/menuempresa/empresaselecionada],methods=[GET]}" onto public java.math.BigInteger br.embrapa.resource.MenuEmpresaResource.count(java.lang.Long)
5734 [restartedMain] INFO  o.s.w.s.m.m.a.RequestMappingHandlerMapping - Mapped "{[/menuempresa/{cdEmpresa}],methods=[GET]}" onto public org.springframework.http.ResponseEntity<br.embrapa.model.MenuEmpresa> br.embrapa.resource.MenuEmpresaResource.buscarPeloCodigo(java.lang.Long)
5735 [restartedMain] INFO  o.s.w.s.m.m.a.RequestMappingHandlerMapping - Mapped "{[/menuempresa],methods=[POST]}" onto public org.springframework.http.ResponseEntity<br.embrapa.model.MenuEmpresa> br.embrapa.resource.MenuEmpresaResource.criar(br.embrapa.model.MenuEmpresa,javax.servlet.http.HttpServletResponse)
5735 [restartedMain] INFO  o.s.w.s.m.m.a.RequestMappingHandlerMapping - Mapped "{[/menuempresa/{cdEmpresa}],methods=[DELETE]}" onto public void br.embrapa.resource.MenuEmpresaResource.remover(java.lang.Long)
5735 [restartedMain] INFO  o.s.w.s.m.m.a.RequestMappingHandlerMapping - Mapped "{[/menuempresa/{cdEmpresa}],methods=[PUT]}" onto public org.springframework.http.ResponseEntity<br.embrapa.model.MenuEmpresa> br.embrapa.resource.MenuEmpresaResource.atualizar(java.lang.Long,br.embrapa.model.MenuEmpresa)
5735 [restartedMain] INFO  o.s.w.s.m.m.a.RequestMappingHandlerMapping - Mapped "{[/menuempresa],methods=[GET]}" onto public org.springframework.data.domain.Page<br.embrapa.model.MenuEmpresa> br.embrapa.resource.MenuEmpresaResource.pesquisar(br.embrapa.repository.filter.MenuEmpresaFilter,org.springframework.data.domain.Pageable)
5735 [restartedMain] INFO  o.s.w.s.m.m.a.RequestMappingHandlerMapping - Mapped "{[/menuempresa/empresaselecionadanome],methods=[GET]}" onto public java.lang.String br.embrapa.resource.MenuEmpresaResource.nomeEmpresa(java.lang.Long)
5736 [restartedMain] INFO  o.s.w.s.m.m.a.RequestMappingHandlerMapping - Mapped "{[/unidadedeavaliacao],methods=[GET],params=[resumo]}" onto public org.springframework.data.domain.Page<br.embrapa.repository.projections.ResumoModLocal1> br.embrapa.resource.ModLocal1Resource.resumir(br.embrapa.repository.filter.ModLocal1Filter,org.springframework.data.domain.Pageable)
5736 [restartedMain] INFO  o.s.w.s.m.m.a.RequestMappingHandlerMapping - Mapped "{[/unidadedeavaliacao/{codigo}],methods=[GET]}" onto public org.springframework.http.ResponseEntity<br.embrapa.model.ModLocal1> br.embrapa.resource.ModLocal1Resource.buscarPeloCodigo(java.lang.Long)
5737 [restartedMain] INFO  o.s.w.s.m.m.a.RequestMappingHandlerMapping - Mapped "{[/unidadedeavaliacao],methods=[POST]}" onto public org.springframework.http.ResponseEntity<br.embrapa.model.ModLocal1> br.embrapa.resource.ModLocal1Resource.criar(br.embrapa.model.ModLocal1,javax.servlet.http.HttpServletResponse)
5737 [restartedMain] INFO  o.s.w.s.m.m.a.RequestMappingHandlerMapping - Mapped "{[/unidadedeavaliacao/{codigo}],methods=[DELETE]}" onto public void br.embrapa.resource.ModLocal1Resource.remover(java.lang.Long)
5737 [restartedMain] INFO  o.s.w.s.m.m.a.RequestMappingHandlerMapping - Mapped "{[/unidadedeavaliacao/{codigo}],methods=[PUT]}" onto public org.springframework.http.ResponseEntity<br.embrapa.model.ModLocal1> br.embrapa.resource.ModLocal1Resource.atualizar(java.lang.Long,br.embrapa.model.ModLocal1)
5737 [restartedMain] INFO  o.s.w.s.m.m.a.RequestMappingHandlerMapping - Mapped "{[/unidadedeavaliacao],methods=[GET]}" onto public org.springframework.data.domain.Page<br.embrapa.model.ModLocal1> br.embrapa.resource.ModLocal1Resource.Pesquisar(br.embrapa.repository.filter.ModLocal1Filter,org.springframework.data.domain.Pageable)
5738 [restartedMain] INFO  o.s.w.s.m.m.a.RequestMappingHandlerMapping - Mapped "{[/localdeavaliacao],methods=[GET],params=[resumo]}" onto public org.springframework.data.domain.Page<br.embrapa.repository.projections.ResumoModLocal2> br.embrapa.resource.ModLocal2Resource.resumir(br.embrapa.repository.filter.ModLocal2Filter,org.springframework.data.domain.Pageable)
5739 [restartedMain] INFO  o.s.w.s.m.m.a.RequestMappingHandlerMapping - Mapped "{[/localdeavaliacao/{codigo}],methods=[GET]}" onto public org.springframework.http.ResponseEntity<br.embrapa.model.ModLocal2> br.embrapa.resource.ModLocal2Resource.buscarPeloCodigo(java.lang.Long)
5739 [restartedMain] INFO  o.s.w.s.m.m.a.RequestMappingHandlerMapping - Mapped "{[/localdeavaliacao],methods=[POST]}" onto public org.springframework.http.ResponseEntity<br.embrapa.model.ModLocal2> br.embrapa.resource.ModLocal2Resource.criar(br.embrapa.model.ModLocal2,javax.servlet.http.HttpServletResponse)
5739 [restartedMain] INFO  o.s.w.s.m.m.a.RequestMappingHandlerMapping - Mapped "{[/localdeavaliacao/{codigo}],methods=[DELETE]}" onto public void br.embrapa.resource.ModLocal2Resource.remover(java.lang.Long)
5739 [restartedMain] INFO  o.s.w.s.m.m.a.RequestMappingHandlerMapping - Mapped "{[/localdeavaliacao/{codigo}],methods=[PUT]}" onto public org.springframework.http.ResponseEntity<br.embrapa.model.ModLocal2> br.embrapa.resource.ModLocal2Resource.atualizar(java.lang.Long,br.embrapa.model.ModLocal2)
5740 [restartedMain] INFO  o.s.w.s.m.m.a.RequestMappingHandlerMapping - Mapped "{[/localdeavaliacao],methods=[GET]}" onto public org.springframework.data.domain.Page<br.embrapa.model.ModLocal2> br.embrapa.resource.ModLocal2Resource.Pesquisar(br.embrapa.repository.filter.ModLocal2Filter,org.springframework.data.domain.Pageable)
5743 [restartedMain] INFO  o.s.w.s.m.m.a.RequestMappingHandlerMapping - Mapped "{[/sublocaldeavaliacao],methods=[GET],params=[resumo]}" onto public org.springframework.data.domain.Page<br.embrapa.repository.projections.ResumoModLocal3> br.embrapa.resource.ModLocal3Resource.resumir(br.embrapa.repository.filter.ModLocal3Filter,org.springframework.data.domain.Pageable)
5743 [restartedMain] INFO  o.s.w.s.m.m.a.RequestMappingHandlerMapping - Mapped "{[/sublocaldeavaliacao/{codigo}],methods=[GET]}" onto public org.springframework.http.ResponseEntity<br.embrapa.model.ModLocal3> br.embrapa.resource.ModLocal3Resource.buscarPeloCodigo(java.lang.Long)
5743 [restartedMain] INFO  o.s.w.s.m.m.a.RequestMappingHandlerMapping - Mapped "{[/sublocaldeavaliacao],methods=[POST]}" onto public org.springframework.http.ResponseEntity<br.embrapa.model.ModLocal3> br.embrapa.resource.ModLocal3Resource.criar(br.embrapa.model.ModLocal3,javax.servlet.http.HttpServletResponse)
5743 [restartedMain] INFO  o.s.w.s.m.m.a.RequestMappingHandlerMapping - Mapped "{[/sublocaldeavaliacao/{codigo}],methods=[DELETE]}" onto public void br.embrapa.resource.ModLocal3Resource.remover(java.lang.Long)
5744 [restartedMain] INFO  o.s.w.s.m.m.a.RequestMappingHandlerMapping - Mapped "{[/sublocaldeavaliacao/{codigo}],methods=[PUT]}" onto public org.springframework.http.ResponseEntity<br.embrapa.model.ModLocal3> br.embrapa.resource.ModLocal3Resource.atualizar(java.lang.Long,br.embrapa.model.ModLocal3)
5744 [restartedMain] INFO  o.s.w.s.m.m.a.RequestMappingHandlerMapping - Mapped "{[/sublocaldeavaliacao],methods=[GET]}" onto public org.springframework.data.domain.Page<br.embrapa.model.ModLocal3> br.embrapa.resource.ModLocal3Resource.Pesquisar(br.embrapa.repository.filter.ModLocal3Filter,org.springframework.data.domain.Pageable)
5748 [restartedMain] INFO  o.s.w.s.m.m.a.RequestMappingHandlerMapping - Mapped "{[/modmonitoramentotemplate],methods=[GET],params=[resumo]}" onto public org.springframework.data.domain.Page<br.embrapa.repository.projections.ResumoModMonitoramentoTemplate> br.embrapa.resource.ModMonitoramentoTemplateResource.resumir(br.embrapa.repository.filter.ModMonitoramentoTemplateFilter,org.springframework.data.domain.Pageable)
5749 [restartedMain] INFO  o.s.w.s.m.m.a.RequestMappingHandlerMapping - Mapped "{[/modmonitoramentotemplate/{codigo}],methods=[GET]}" onto public br.embrapa.model.ModMonitoramentoTemplate br.embrapa.resource.ModMonitoramentoTemplateResource.buscarPeloCodigo(java.lang.Long)
5749 [restartedMain] INFO  o.s.w.s.m.m.a.RequestMappingHandlerMapping - Mapped "{[/modmonitoramentotemplate],methods=[POST]}" onto public org.springframework.http.ResponseEntity<br.embrapa.model.ModMonitoramentoTemplate> br.embrapa.resource.ModMonitoramentoTemplateResource.criar(br.embrapa.model.ModMonitoramentoTemplate,javax.servlet.http.HttpServletResponse)
5749 [restartedMain] INFO  o.s.w.s.m.m.a.RequestMappingHandlerMapping - Mapped "{[/modmonitoramentotemplate/{codigo}],methods=[DELETE]}" onto public void br.embrapa.resource.ModMonitoramentoTemplateResource.remover(java.lang.Long)
5749 [restartedMain] INFO  o.s.w.s.m.m.a.RequestMappingHandlerMapping - Mapped "{[/modmonitoramentotemplate/{codigo}],methods=[PUT]}" onto public org.springframework.http.ResponseEntity<br.embrapa.model.ModMonitoramentoTemplate> br.embrapa.resource.ModMonitoramentoTemplateResource.atualizar(java.lang.Long,br.embrapa.model.ModMonitoramentoTemplate)
5749 [restartedMain] INFO  o.s.w.s.m.m.a.RequestMappingHandlerMapping - Mapped "{[/modmonitoramentotemplate],methods=[GET]}" onto public org.springframework.data.domain.Page<br.embrapa.model.ModMonitoramentoTemplate> br.embrapa.resource.ModMonitoramentoTemplateResource.Pesquisar(br.embrapa.repository.filter.ModMonitoramentoTemplateFilter,org.springframework.data.domain.Pageable)
5751 [restartedMain] INFO  o.s.w.s.m.m.a.RequestMappingHandlerMapping - Mapped "{[/modnivel1/{codigo}],methods=[GET]}" onto public org.springframework.http.ResponseEntity<br.embrapa.model.ModNivel1> br.embrapa.resource.ModNivel1Resource.buscarPeloCodigo(java.lang.Long)
5751 [restartedMain] INFO  o.s.w.s.m.m.a.RequestMappingHandlerMapping - Mapped "{[/modnivel1],methods=[POST]}" onto public org.springframework.http.ResponseEntity<br.embrapa.model.ModNivel1> br.embrapa.resource.ModNivel1Resource.criar(br.embrapa.model.ModNivel1,javax.servlet.http.HttpServletResponse)
5751 [restartedMain] INFO  o.s.w.s.m.m.a.RequestMappingHandlerMapping - Mapped "{[/modnivel1/{codigo}],methods=[DELETE]}" onto public void br.embrapa.resource.ModNivel1Resource.remover(java.lang.Long)
5751 [restartedMain] INFO  o.s.w.s.m.m.a.RequestMappingHandlerMapping - Mapped "{[/modnivel1/{codigo}],methods=[PUT]}" onto public org.springframework.http.ResponseEntity<br.embrapa.model.ModNivel1> br.embrapa.resource.ModNivel1Resource.atualizar(java.lang.Long,br.embrapa.model.ModNivel1)
5751 [restartedMain] INFO  o.s.w.s.m.m.a.RequestMappingHandlerMapping - Mapped "{[/modnivel1],methods=[GET]}" onto public org.springframework.data.domain.Page<br.embrapa.model.ModNivel1> br.embrapa.resource.ModNivel1Resource.Pesquisar(br.embrapa.repository.filter.ModNivel1Filter,org.springframework.data.domain.Pageable)
5752 [restartedMain] INFO  o.s.w.s.m.m.a.RequestMappingHandlerMapping - Mapped "{[/modnivel2/{codigo}],methods=[GET]}" onto public org.springframework.http.ResponseEntity<br.embrapa.model.ModNivel2> br.embrapa.resource.ModNivel2Resource.buscarPeloCodigo(java.lang.Long)
5753 [restartedMain] INFO  o.s.w.s.m.m.a.RequestMappingHandlerMapping - Mapped "{[/modnivel2],methods=[POST]}" onto public org.springframework.http.ResponseEntity<br.embrapa.model.ModNivel2> br.embrapa.resource.ModNivel2Resource.criar(br.embrapa.model.ModNivel2,javax.servlet.http.HttpServletResponse)
5753 [restartedMain] INFO  o.s.w.s.m.m.a.RequestMappingHandlerMapping - Mapped "{[/modnivel2/{codigo}],methods=[DELETE]}" onto public void br.embrapa.resource.ModNivel2Resource.remover(java.lang.Long)
5753 [restartedMain] INFO  o.s.w.s.m.m.a.RequestMappingHandlerMapping - Mapped "{[/modnivel2/{codigo}],methods=[PUT]}" onto public org.springframework.http.ResponseEntity<br.embrapa.model.ModNivel2> br.embrapa.resource.ModNivel2Resource.atualizar(java.lang.Long,br.embrapa.model.ModNivel2)
5753 [restartedMain] INFO  o.s.w.s.m.m.a.RequestMappingHandlerMapping - Mapped "{[/modnivel2],methods=[GET]}" onto public org.springframework.data.domain.Page<br.embrapa.model.ModNivel2> br.embrapa.resource.ModNivel2Resource.Pesquisar(br.embrapa.repository.filter.ModNivel2Filter,org.springframework.data.domain.Pageable)
5754 [restartedMain] INFO  o.s.w.s.m.m.a.RequestMappingHandlerMapping - Mapped "{[/modnivel3/{codigo}],methods=[GET]}" onto public org.springframework.http.ResponseEntity<br.embrapa.model.ModNivel3> br.embrapa.resource.ModNivel3Resource.buscarPeloCodigo(java.lang.Long)
5755 [restartedMain] INFO  o.s.w.s.m.m.a.RequestMappingHandlerMapping - Mapped "{[/modnivel3],methods=[POST]}" onto public org.springframework.http.ResponseEntity<br.embrapa.model.ModNivel3> br.embrapa.resource.ModNivel3Resource.criar(br.embrapa.model.ModNivel3,javax.servlet.http.HttpServletResponse)
5755 [restartedMain] INFO  o.s.w.s.m.m.a.RequestMappingHandlerMapping - Mapped "{[/modnivel3/{codigo}],methods=[DELETE]}" onto public void br.embrapa.resource.ModNivel3Resource.remover(java.lang.Long)
5755 [restartedMain] INFO  o.s.w.s.m.m.a.RequestMappingHandlerMapping - Mapped "{[/modnivel3/{codigo}],methods=[PUT]}" onto public org.springframework.http.ResponseEntity<br.embrapa.model.ModNivel3> br.embrapa.resource.ModNivel3Resource.atualizar(java.lang.Long,br.embrapa.model.ModNivel3)
5755 [restartedMain] INFO  o.s.w.s.m.m.a.RequestMappingHandlerMapping - Mapped "{[/modnivel3],methods=[GET]}" onto public org.springframework.data.domain.Page<br.embrapa.model.ModNivel3> br.embrapa.resource.ModNivel3Resource.Pesquisar(br.embrapa.repository.filter.ModNivel3Filter,org.springframework.data.domain.Pageable)
5756 [restartedMain] INFO  o.s.w.s.m.m.a.RequestMappingHandlerMapping - Mapped "{[/modnivel4/{codigo}],methods=[GET]}" onto public org.springframework.http.ResponseEntity<br.embrapa.model.ModNivel4> br.embrapa.resource.ModNivel4Resource.buscarPeloCodigo(java.lang.Long)
5756 [restartedMain] INFO  o.s.w.s.m.m.a.RequestMappingHandlerMapping - Mapped "{[/modnivel4],methods=[POST]}" onto public org.springframework.http.ResponseEntity<br.embrapa.model.ModNivel4> br.embrapa.resource.ModNivel4Resource.criar(br.embrapa.model.ModNivel4,javax.servlet.http.HttpServletResponse)
5756 [restartedMain] INFO  o.s.w.s.m.m.a.RequestMappingHandlerMapping - Mapped "{[/modnivel4/{codigo}],methods=[DELETE]}" onto public void br.embrapa.resource.ModNivel4Resource.remover(java.lang.Long)
5757 [restartedMain] INFO  o.s.w.s.m.m.a.RequestMappingHandlerMapping - Mapped "{[/modnivel4/{codigo}],methods=[PUT]}" onto public org.springframework.http.ResponseEntity<br.embrapa.model.ModNivel4> br.embrapa.resource.ModNivel4Resource.atualizar(java.lang.Long,br.embrapa.model.ModNivel4)
5757 [restartedMain] INFO  o.s.w.s.m.m.a.RequestMappingHandlerMapping - Mapped "{[/modnivel4],methods=[GET]}" onto public org.springframework.data.domain.Page<br.embrapa.model.ModNivel4> br.embrapa.resource.ModNivel4Resource.Pesquisar(br.embrapa.repository.filter.ModNivel4Filter,org.springframework.data.domain.Pageable)
5758 [restartedMain] INFO  o.s.w.s.m.m.a.RequestMappingHandlerMapping - Mapped "{[/modverificadoresmonitoramentotemplate/count],methods=[GET]}" onto public java.math.BigInteger br.embrapa.resource.ModVerificadoresMonitoramentoTemplateResource.count(java.lang.Long)
5758 [restartedMain] INFO  o.s.w.s.m.m.a.RequestMappingHandlerMapping - Mapped "{[/modverificadoresmonitoramentotemplate],methods=[GET],params=[resumo]}" onto public org.springframework.data.domain.Page<br.embrapa.repository.projections.ResumoVerificadoresMonitoramentoTemplate> br.embrapa.resource.ModVerificadoresMonitoramentoTemplateResource.resumir(br.embrapa.repository.filter.ModVerificadoresMonitoramentoTemplateFilter,org.springframework.data.domain.Pageable)
5758 [restartedMain] INFO  o.s.w.s.m.m.a.RequestMappingHandlerMapping - Mapped "{[/modverificadoresmonitoramentotemplate/{codigo}],methods=[GET]}" onto public org.springframework.http.ResponseEntity<br.embrapa.model.ModVerificadoresMonitoramentoTemplate> br.embrapa.resource.ModVerificadoresMonitoramentoTemplateResource.buscarPeloCodigo(java.lang.Long)
5758 [restartedMain] INFO  o.s.w.s.m.m.a.RequestMappingHandlerMapping - Mapped "{[/modverificadoresmonitoramentotemplate],methods=[POST]}" onto public org.springframework.http.ResponseEntity<br.embrapa.model.ModVerificadoresMonitoramentoTemplate> br.embrapa.resource.ModVerificadoresMonitoramentoTemplateResource.criar(br.embrapa.model.ModVerificadoresMonitoramentoTemplate,javax.servlet.http.HttpServletResponse)
5759 [restartedMain] INFO  o.s.w.s.m.m.a.RequestMappingHandlerMapping - Mapped "{[/modverificadoresmonitoramentotemplate/{codigo}],methods=[DELETE]}" onto public void br.embrapa.resource.ModVerificadoresMonitoramentoTemplateResource.remover(java.lang.Long)
5759 [restartedMain] INFO  o.s.w.s.m.m.a.RequestMappingHandlerMapping - Mapped "{[/modverificadoresmonitoramentotemplate],methods=[GET]}" onto public org.springframework.data.domain.Page<br.embrapa.model.ModVerificadoresMonitoramentoTemplate> br.embrapa.resource.ModVerificadoresMonitoramentoTemplateResource.Pesquisar(br.embrapa.repository.filter.ModVerificadoresMonitoramentoTemplateFilter,org.springframework.data.domain.Pageable)
5759 [restartedMain] INFO  o.s.w.s.m.m.a.RequestMappingHandlerMapping - Mapped "{[/modverificadoresmonitoramentotemplate/relatorio],methods=[GET]}" onto public org.springframework.http.ResponseEntity<byte[]> br.embrapa.resource.ModVerificadoresMonitoramentoTemplateResource.todosVerificadores(java.lang.Long) throws java.lang.Exception
5760 [restartedMain] INFO  o.s.w.s.m.m.a.RequestMappingHandlerMapping - Mapped "{[/tokens/revoke],methods=[DELETE]}" onto public void br.embrapa.resource.TokenResource.revoke(javax.servlet.http.HttpServletRequest,javax.servlet.http.HttpServletResponse)
5760 [restartedMain] INFO  o.s.w.s.m.m.a.RequestMappingHandlerMapping - Mapped "{[/verificador_local_m/{codigo}],methods=[GET]}" onto public org.springframework.http.ResponseEntity<br.embrapa.model.Verificador_Local_m> br.embrapa.resource.Verificador_Local_mResource.buscarPeloCodigo(java.lang.Long)
5760 [restartedMain] INFO  o.s.w.s.m.m.a.RequestMappingHandlerMapping - Mapped "{[/verificador_local_m],methods=[GET]}" onto public java.util.List<br.embrapa.model.Verificador_Local_m> br.embrapa.resource.Verificador_Local_mResource.Pesquisar(br.embrapa.repository.filter.Verificador_Local_mFilter)
5761 [restartedMain] INFO  o.s.w.s.m.m.a.RequestMappingHandlerMapping - Mapped "{[/verificador_m],methods=[GET],params=[resumo]}" onto public java.util.List<br.embrapa.repository.projections.ResumoVerificador_m> br.embrapa.resource.Verificador_mResource.resumir(br.embrapa.repository.filter.Verificador_mFilter)
5762 [restartedMain] INFO  o.s.w.s.m.m.a.RequestMappingHandlerMapping - Mapped "{[/verificador_m/{codigo}],methods=[GET]}" onto public org.springframework.http.ResponseEntity<br.embrapa.model.Verificador_m> br.embrapa.resource.Verificador_mResource.buscarPeloCodigo(java.lang.Long)
5762 [restartedMain] INFO  o.s.w.s.m.m.a.RequestMappingHandlerMapping - Mapped "{[/verificador_m/{codigo}],methods=[PUT]}" onto public org.springframework.http.ResponseEntity<br.embrapa.model.Verificador_m> br.embrapa.resource.Verificador_mResource.atualizar(java.lang.Long,br.embrapa.model.Verificador_m)
5762 [restartedMain] INFO  o.s.w.s.m.m.a.RequestMappingHandlerMapping - Mapped "{[/verificador_m],methods=[GET]}" onto public java.util.List<br.embrapa.model.Verificador_m> br.embrapa.resource.Verificador_mResource.Pesquisar(br.embrapa.repository.filter.Verificador_mFilter)
5764 [restartedMain] INFO  o.s.w.s.m.m.a.RequestMappingHandlerMapping - Mapped "{[/error]}" onto public org.springframework.http.ResponseEntity<java.util.Map<java.lang.String, java.lang.Object>> org.springframework.boot.autoconfigure.web.BasicErrorController.error(javax.servlet.http.HttpServletRequest)
5765 [restartedMain] INFO  o.s.w.s.m.m.a.RequestMappingHandlerMapping - Mapped "{[/error],produces=[text/html]}" onto public org.springframework.web.servlet.ModelAndView org.springframework.boot.autoconfigure.web.BasicErrorController.errorHtml(javax.servlet.http.HttpServletRequest,javax.servlet.http.HttpServletResponse)
5790 [restartedMain] INFO  o.s.w.s.h.SimpleUrlHandlerMapping - Mapped URL path [/webjars/**] onto handler of type [class org.springframework.web.servlet.resource.ResourceHttpRequestHandler]
5790 [restartedMain] INFO  o.s.w.s.h.SimpleUrlHandlerMapping - Mapped URL path [/**] onto handler of type [class org.springframework.web.servlet.resource.ResourceHttpRequestHandler]
5806 [restartedMain] INFO  o.s.w.s.m.m.a.ExceptionHandlerExceptionResolver - Detected ResponseBodyAdvice implementation in refreshTokenPostProcessor
5823 [restartedMain] INFO  o.s.w.s.h.SimpleUrlHandlerMapping - Mapped URL path [/**/favicon.ico] onto handler of type [class org.springframework.web.servlet.resource.ResourceHttpRequestHandler]
6053 [restartedMain] INFO  o.s.b.d.a.OptionalLiveReloadServer - LiveReload server is running on port 35729
6107 [restartedMain] INFO  o.s.j.e.a.AnnotationMBeanExporter - Registering beans for JMX exposure on startup
6122 [restartedMain] INFO  o.a.coyote.http11.Http11NioProtocol - Starting ProtocolHandler ["http-nio-8081"]
6131 [restartedMain] INFO  o.a.tomcat.util.net.NioSelectorPool - Using a shared selector for servlet write/read
6142 [restartedMain] INFO  o.s.b.c.e.t.TomcatEmbeddedServletContainer - Tomcat started on port(s): 8081 (http)
6148 [restartedMain] INFO  br.embrapa.MopApi1Application - Started MopApi1Application in 5.873 seconds (JVM running for 6.64)
12229 [RMI TCP Connection(2)-127.0.0.1] INFO  o.s.b.a.SpringApplicationAdminMXBeanRegistrar$SpringApplicationAdmin - Application shutdown requested.
12229 [RMI TCP Connection(2)-127.0.0.1] INFO  o.s.b.c.e.AnnotationConfigEmbeddedWebApplicationContext - Closing org.springframework.boot.context.embedded.AnnotationConfigEmbeddedWebApplicationContext@1e6168a0: startup date [Sun Sep 20 11:05:41 BRT 2020]; root of context hierarchy
12232 [RMI TCP Connection(2)-127.0.0.1] INFO  o.s.j.e.a.AnnotationMBeanExporter - Unregistering JMX-exposed beans on shutdown
12240 [RMI TCP Connection(2)-127.0.0.1] INFO  o.s.o.j.LocalContainerEntityManagerFactoryBean - Closing JPA EntityManagerFactory for persistence unit 'default'
475  [restartedMain] INFO  br.embrapa.MopApi1Application - Starting MopApi1Application on PC-Carlos with PID 5532 (G:\Documentos\workspacespring\MOP-api-idUnica\target\classes started by Carlos Melo in G:\Documentos\workspacespring\MOP-api-idUnica)
477  [restartedMain] INFO  br.embrapa.MopApi1Application - No active profile set, falling back to default profiles: default
523  [restartedMain] INFO  o.s.b.c.e.AnnotationConfigEmbeddedWebApplicationContext - Refreshing org.springframework.boot.context.embedded.AnnotationConfigEmbeddedWebApplicationContext@2cb7e8f: startup date [Sun Sep 20 11:06:31 BRT 2020]; root of context hierarchy
654  [background-preinit] INFO  o.h.validator.internal.util.Version - HV000001: Hibernate Validator 5.3.6.Final
2043 [restartedMain] INFO  o.s.b.f.a.AutowiredAnnotationBeanPostProcessor - JSR-330 'javax.inject.Inject' annotation found and supported for autowiring
2161 [restartedMain] INFO  o.s.c.s.PostProcessorRegistrationDelegate$BeanPostProcessorChecker - Bean 'org.springframework.transaction.annotation.ProxyTransactionManagementConfiguration' of type [org.springframework.transaction.annotation.ProxyTransactionManagementConfiguration$$EnhancerBySpringCGLIB$$275b7201] is not eligible for getting processed by all BeanPostProcessors (for example: not eligible for auto-proxying)
2576 [restartedMain] INFO  o.s.b.c.e.t.TomcatEmbeddedServletContainer - Tomcat initialized with port(s): 8081 (http)
2589 [restartedMain] INFO  o.a.coyote.http11.Http11NioProtocol - Initializing ProtocolHandler ["http-nio-8081"]
2597 [restartedMain] INFO  o.a.catalina.core.StandardService - Starting service [Tomcat]
2598 [restartedMain] INFO  o.a.catalina.core.StandardEngine - Starting Servlet Engine: Apache Tomcat/8.5.34
2726 [localhost-startStop-1] INFO  o.a.c.c.C.[Tomcat].[localhost].[/] - Initializing Spring embedded WebApplicationContext
2727 [localhost-startStop-1] INFO  o.s.web.context.ContextLoader - Root WebApplicationContext: initialization completed in 2204 ms
2953 [localhost-startStop-1] INFO  o.s.b.w.s.FilterRegistrationBean - Mapping filter: 'corsFilter' to: [/*]
2953 [localhost-startStop-1] INFO  o.s.b.w.s.FilterRegistrationBean - Mapping filter: 'refreshTokenCookiePreProcessorFilter' to: [/*]
2953 [localhost-startStop-1] INFO  o.s.b.w.s.FilterRegistrationBean - Mapping filter: 'characterEncodingFilter' to: [/*]
2954 [localhost-startStop-1] INFO  o.s.b.w.s.FilterRegistrationBean - Mapping filter: 'hiddenHttpMethodFilter' to: [/*]
2954 [localhost-startStop-1] INFO  o.s.b.w.s.FilterRegistrationBean - Mapping filter: 'httpPutFormContentFilter' to: [/*]
2954 [localhost-startStop-1] INFO  o.s.b.w.s.FilterRegistrationBean - Mapping filter: 'requestContextFilter' to: [/*]
2954 [localhost-startStop-1] INFO  o.s.b.w.s.DelegatingFilterProxyRegistrationBean - Mapping filter: 'springSecurityFilterChain' to: [/*]
2954 [localhost-startStop-1] INFO  o.s.b.w.s.ServletRegistrationBean - Mapping servlet: 'dispatcherServlet' to [/]
3559 [restartedMain] INFO  o.s.o.j.LocalContainerEntityManagerFactoryBean - Building JPA container EntityManagerFactory for persistence unit 'default'
3568 [restartedMain] INFO  o.h.jpa.internal.util.LogHelper - HHH000204: Processing PersistenceUnitInfo [
	name: default
	...]
3612 [restartedMain] INFO  org.hibernate.Version - HHH000412: Hibernate Core {5.0.12.Final}
3614 [restartedMain] INFO  org.hibernate.cfg.Environment - HHH000206: hibernate.properties not found
3614 [restartedMain] INFO  org.hibernate.cfg.Environment - HHH000021: Bytecode provider name : javassist
3641 [restartedMain] INFO  o.h.annotations.common.Version - HCANN000001: Hibernate Commons Annotations {5.0.1.Final}
3901 [restartedMain] INFO  org.hibernate.dialect.Dialect - HHH000400: Using dialect: org.hibernate.dialect.MySQL5Dialect
4451 [restartedMain] INFO  o.s.o.j.LocalContainerEntityManagerFactoryBean - Initialized JPA EntityManagerFactory for persistence unit 'default'
5422 [restartedMain] INFO  o.s.s.w.DefaultSecurityFilterChain - Creating filter chain: org.springframework.security.web.util.matcher.AnyRequestMatcher@1, [org.springframework.security.web.context.request.async.WebAsyncManagerIntegrationFilter@57fe77e2, org.springframework.security.web.context.SecurityContextPersistenceFilter@4b3bbf3a, org.springframework.security.web.header.HeaderWriterFilter@f4d6a33, org.springframework.security.web.authentication.logout.LogoutFilter@65f9d310, org.springframework.security.oauth2.provider.authentication.OAuth2AuthenticationProcessingFilter@501d0d0a, org.springframework.security.web.savedrequest.RequestCacheAwareFilter@205fdfbb, org.springframework.security.web.servletapi.SecurityContextHolderAwareRequestFilter@3828da0f, org.springframework.security.web.authentication.AnonymousAuthenticationFilter@7a4ee2fe, org.springframework.security.web.session.SessionManagementFilter@559f1566, org.springframework.security.web.access.ExceptionTranslationFilter@1dbee3e3, org.springframework.security.web.access.intercept.FilterSecurityInterceptor@2ffe2416]
5690 [restartedMain] INFO  o.s.w.s.m.m.a.RequestMappingHandlerAdapter - Looking for @ControllerAdvice: org.springframework.boot.context.embedded.AnnotationConfigEmbeddedWebApplicationContext@2cb7e8f: startup date [Sun Sep 20 11:06:31 BRT 2020]; root of context hierarchy
5700 [restartedMain] INFO  o.s.w.s.m.m.a.RequestMappingHandlerAdapter - Detected ResponseBodyAdvice bean in refreshTokenPostProcessor
5755 [restartedMain] INFO  o.s.w.s.m.m.a.RequestMappingHandlerMapping - Mapped "{[/appavaliacao/{codigo}],methods=[DELETE]}" onto public void br.embrapa.resource.AppAvaliacaoResource.remover(java.lang.Long)
5756 [restartedMain] INFO  o.s.w.s.m.m.a.RequestMappingHandlerMapping - Mapped "{[/appavaliacao/{codigo}],methods=[GET]}" onto public org.springframework.http.ResponseEntity<br.embrapa.model.AppAvaliacao> br.embrapa.resource.AppAvaliacaoResource.buscarPeloCodigo(java.lang.Long)
5757 [restartedMain] INFO  o.s.w.s.m.m.a.RequestMappingHandlerMapping - Mapped "{[/appavaliacao],methods=[GET]}" onto public org.springframework.data.domain.Page<br.embrapa.model.AppAvaliacao> br.embrapa.resource.AppAvaliacaoResource.Pesquisar(br.embrapa.repository.filter.AppAvaliacaoFilter,org.springframework.data.domain.Pageable)
5757 [restartedMain] INFO  o.s.w.s.m.m.a.RequestMappingHandlerMapping - Mapped "{[/appavaliacao],methods=[POST]}" onto public org.springframework.http.ResponseEntity<br.embrapa.model.AppAvaliacao> br.embrapa.resource.AppAvaliacaoResource.criar(br.embrapa.model.AppAvaliacao,javax.servlet.http.HttpServletResponse)
5757 [restartedMain] INFO  o.s.w.s.m.m.a.RequestMappingHandlerMapping - Mapped "{[/appavaliacao/{codigo}],methods=[PUT]}" onto public org.springframework.http.ResponseEntity<br.embrapa.model.AppAvaliacao> br.embrapa.resource.AppAvaliacaoResource.atualizar(java.lang.Long,br.embrapa.model.AppAvaliacao)
5758 [restartedMain] INFO  o.s.w.s.m.m.a.RequestMappingHandlerMapping - Mapped "{[/appcoletadedados/{codigo}],methods=[DELETE]}" onto public void br.embrapa.resource.AppColetaDeDadosResource.remover(java.lang.Long)
5759 [restartedMain] INFO  o.s.w.s.m.m.a.RequestMappingHandlerMapping - Mapped "{[/appcoletadedados/{codigo}],methods=[GET]}" onto public org.springframework.http.ResponseEntity<br.embrapa.model.AppColetaDeDados> br.embrapa.resource.AppColetaDeDadosResource.buscarPeloCodigo(java.lang.Long)
5759 [restartedMain] INFO  o.s.w.s.m.m.a.RequestMappingHandlerMapping - Mapped "{[/appcoletadedados],methods=[GET]}" onto public org.springframework.data.domain.Page<br.embrapa.model.AppColetaDeDados> br.embrapa.resource.AppColetaDeDadosResource.Pesquisar(br.embrapa.repository.filter.AppColetaDeDadosFilter,org.springframework.data.domain.Pageable)
5759 [restartedMain] INFO  o.s.w.s.m.m.a.RequestMappingHandlerMapping - Mapped "{[/appcoletadedados],methods=[POST]}" onto public org.springframework.http.ResponseEntity<br.embrapa.model.AppColetaDeDados> br.embrapa.resource.AppColetaDeDadosResource.criar(br.embrapa.model.AppColetaDeDados,javax.servlet.http.HttpServletResponse)
5759 [restartedMain] INFO  o.s.w.s.m.m.a.RequestMappingHandlerMapping - Mapped "{[/appcoletadedados/{codigo}],methods=[PUT]}" onto public org.springframework.http.ResponseEntity<br.embrapa.model.AppColetaDeDados> br.embrapa.resource.AppColetaDeDadosResource.atualizar(java.lang.Long,br.embrapa.model.AppColetaDeDados)
5761 [restartedMain] INFO  o.s.w.s.m.m.a.RequestMappingHandlerMapping - Mapped "{[/appmonitoramento/{codigo}],methods=[DELETE]}" onto public void br.embrapa.resource.AppMonitoramentoResource.remover(java.lang.Long)
5761 [restartedMain] INFO  o.s.w.s.m.m.a.RequestMappingHandlerMapping - Mapped "{[/appmonitoramento/{codigo}],methods=[GET]}" onto public org.springframework.http.ResponseEntity<br.embrapa.model.AppMonitoramento> br.embrapa.resource.AppMonitoramentoResource.buscarPeloCodigo(java.lang.Long)
5761 [restartedMain] INFO  o.s.w.s.m.m.a.RequestMappingHandlerMapping - Mapped "{[/appmonitoramento],methods=[GET]}" onto public org.springframework.data.domain.Page<br.embrapa.model.AppMonitoramento> br.embrapa.resource.AppMonitoramentoResource.Pesquisar(br.embrapa.repository.filter.AppMonitoramentoFilter,org.springframework.data.domain.Pageable)
5761 [restartedMain] INFO  o.s.w.s.m.m.a.RequestMappingHandlerMapping - Mapped "{[/appmonitoramento],methods=[POST]}" onto public org.springframework.http.ResponseEntity<br.embrapa.model.AppMonitoramento> br.embrapa.resource.AppMonitoramentoResource.criar(br.embrapa.model.AppMonitoramento,javax.servlet.http.HttpServletResponse)
5762 [restartedMain] INFO  o.s.w.s.m.m.a.RequestMappingHandlerMapping - Mapped "{[/appmonitoramento/{codigo}],methods=[PUT]}" onto public org.springframework.http.ResponseEntity<br.embrapa.model.AppMonitoramento> br.embrapa.resource.AppMonitoramentoResource.atualizar(java.lang.Long,br.embrapa.model.AppMonitoramento)
5762 [restartedMain] INFO  o.s.w.s.m.m.a.RequestMappingHandlerMapping - Mapped "{[/appverificadoresmonitoramento],methods=[GET]}" onto public org.springframework.data.domain.Page<br.embrapa.model.AppVerificadoresMonitoramento> br.embrapa.resource.AppVerificadoresMonitoramentoResource.Pesquisar(br.embrapa.repository.filter.AppVerificadoresMonitoramentoFilter,org.springframework.data.domain.Pageable)
5763 [restartedMain] INFO  o.s.w.s.m.m.a.RequestMappingHandlerMapping - Mapped "{[/associarverificadoresmateriais/{codigo}],methods=[DELETE]}" onto public void br.embrapa.resource.AssociarVerificadorAosLocaisMateriaisResource.remover(java.lang.Long)
5764 [restartedMain] INFO  o.s.w.s.m.m.a.RequestMappingHandlerMapping - Mapped "{[/associarverificadoresmateriais/{codigo}],methods=[GET]}" onto public org.springframework.http.ResponseEntity<br.embrapa.model.AssociarVerificadorAosLocaisMateriais> br.embrapa.resource.AssociarVerificadorAosLocaisMateriaisResource.buscarPeloCodigo(java.lang.Long)
5764 [restartedMain] INFO  o.s.w.s.m.m.a.RequestMappingHandlerMapping - Mapped "{[/associarverificadoresmateriais],methods=[GET]}" onto public org.springframework.data.domain.Page<br.embrapa.model.AssociarVerificadorAosLocaisMateriais> br.embrapa.resource.AssociarVerificadorAosLocaisMateriaisResource.Pesquisar(br.embrapa.repository.filter.AssociarVerificadorAosLocaisMateriaisFilter,org.springframework.data.domain.Pageable)
5764 [restartedMain] INFO  o.s.w.s.m.m.a.RequestMappingHandlerMapping - Mapped "{[/associarverificadoresmateriais],methods=[POST]}" onto public org.springframework.http.ResponseEntity<br.embrapa.model.AssociarVerificadorAosLocaisMateriais> br.embrapa.resource.AssociarVerificadorAosLocaisMateriaisResource.criar(br.embrapa.model.AssociarVerificadorAosLocaisMateriais,javax.servlet.http.HttpServletResponse)
5764 [restartedMain] INFO  o.s.w.s.m.m.a.RequestMappingHandlerMapping - Mapped "{[/associarverificadoresmateriais/{codigo}],methods=[PUT]}" onto public org.springframework.http.ResponseEntity<br.embrapa.model.AssociarVerificadorAosLocaisMateriais> br.embrapa.resource.AssociarVerificadorAosLocaisMateriaisResource.atualizar(java.lang.Long,br.embrapa.model.AssociarVerificadorAosLocaisMateriais)
5765 [restartedMain] INFO  o.s.w.s.m.m.a.RequestMappingHandlerMapping - Mapped "{[/associarverificadores/{codigo}],methods=[DELETE]}" onto public void br.embrapa.resource.AssociarVerificadorAosLocaisResource.remover(java.lang.Long)
5766 [restartedMain] INFO  o.s.w.s.m.m.a.RequestMappingHandlerMapping - Mapped "{[/associarverificadores/{codigo}],methods=[GET]}" onto public org.springframework.http.ResponseEntity<br.embrapa.model.AssociarVerificadorAosLocais> br.embrapa.resource.AssociarVerificadorAosLocaisResource.buscarPeloCodigo(java.lang.Long)
5766 [restartedMain] INFO  o.s.w.s.m.m.a.RequestMappingHandlerMapping - Mapped "{[/associarverificadores],methods=[GET]}" onto public org.springframework.data.domain.Page<br.embrapa.model.AssociarVerificadorAosLocais> br.embrapa.resource.AssociarVerificadorAosLocaisResource.Pesquisar(br.embrapa.repository.filter.AssociarVerificadorAosLocaisFilter,org.springframework.data.domain.Pageable)
5766 [restartedMain] INFO  o.s.w.s.m.m.a.RequestMappingHandlerMapping - Mapped "{[/associarverificadores],methods=[POST]}" onto public org.springframework.http.ResponseEntity<br.embrapa.model.AssociarVerificadorAosLocais> br.embrapa.resource.AssociarVerificadorAosLocaisResource.criar(br.embrapa.model.AssociarVerificadorAosLocais,javax.servlet.http.HttpServletResponse)
5766 [restartedMain] INFO  o.s.w.s.m.m.a.RequestMappingHandlerMapping - Mapped "{[/associarverificadores/{codigo}],methods=[PUT]}" onto public org.springframework.http.ResponseEntity<br.embrapa.model.AssociarVerificadorAosLocais> br.embrapa.resource.AssociarVerificadorAosLocaisResource.atualizar(java.lang.Long,br.embrapa.model.AssociarVerificadorAosLocais)
5769 [restartedMain] INFO  o.s.w.s.m.m.a.RequestMappingHandlerMapping - Mapped "{[/cadamostragem/{codigo}],methods=[DELETE]}" onto public void br.embrapa.resource.CadAmostragemResource.remover(java.lang.Long)
5769 [restartedMain] INFO  o.s.w.s.m.m.a.RequestMappingHandlerMapping - Mapped "{[/cadamostragem/{codigo}],methods=[GET]}" onto public org.springframework.http.ResponseEntity<br.embrapa.model.CadAmostragem> br.embrapa.resource.CadAmostragemResource.buscarPeloCodigo(java.lang.Long)
5769 [restartedMain] INFO  o.s.w.s.m.m.a.RequestMappingHandlerMapping - Mapped "{[/cadamostragem],methods=[GET]}" onto public org.springframework.data.domain.Page<br.embrapa.model.CadAmostragem> br.embrapa.resource.CadAmostragemResource.Pesquisar(br.embrapa.repository.filter.CadAmostragemFilter,org.springframework.data.domain.Pageable)
5769 [restartedMain] INFO  o.s.w.s.m.m.a.RequestMappingHandlerMapping - Mapped "{[/cadamostragem],methods=[GET],params=[resumo]}" onto public org.springframework.data.domain.Page<br.embrapa.repository.projections.ResumoCadAmostragem> br.embrapa.resource.CadAmostragemResource.resumir(br.embrapa.repository.filter.CadAmostragemFilter,org.springframework.data.domain.Pageable)
5769 [restartedMain] INFO  o.s.w.s.m.m.a.RequestMappingHandlerMapping - Mapped "{[/cadamostragem],methods=[POST]}" onto public org.springframework.http.ResponseEntity<br.embrapa.model.CadAmostragem> br.embrapa.resource.CadAmostragemResource.criar(br.embrapa.model.CadAmostragem,javax.servlet.http.HttpServletResponse)
5770 [restartedMain] INFO  o.s.w.s.m.m.a.RequestMappingHandlerMapping - Mapped "{[/cadamostragem/{codigo}],methods=[PUT]}" onto public org.springframework.http.ResponseEntity<br.embrapa.model.CadAmostragem> br.embrapa.resource.CadAmostragemResource.atualizar(java.lang.Long,br.embrapa.model.CadAmostragem)
5773 [restartedMain] INFO  o.s.w.s.m.m.a.RequestMappingHandlerMapping - Mapped "{[/cadempresa],methods=[GET]}" onto public org.springframework.data.domain.Page<br.embrapa.model.CadEmpresa> br.embrapa.resource.CadEmpresaResource.pesquisar(br.embrapa.repository.filter.CadEmpresaFilter,org.springframework.data.domain.Pageable)
5773 [restartedMain] INFO  o.s.w.s.m.m.a.RequestMappingHandlerMapping - Mapped "{[/cadempresa/{cdEmpresa}],methods=[DELETE]}" onto public void br.embrapa.resource.CadEmpresaResource.remover(java.lang.Long)
5773 [restartedMain] INFO  o.s.w.s.m.m.a.RequestMappingHandlerMapping - Mapped "{[/cadempresa/{cdEmpresa}],methods=[GET]}" onto public org.springframework.http.ResponseEntity<br.embrapa.model.CadEmpresa> br.embrapa.resource.CadEmpresaResource.buscarPeloCodigo(java.lang.Long)
5773 [restartedMain] INFO  o.s.w.s.m.m.a.RequestMappingHandlerMapping - Mapped "{[/cadempresa],methods=[POST]}" onto public org.springframework.http.ResponseEntity<br.embrapa.model.CadEmpresa> br.embrapa.resource.CadEmpresaResource.criar(br.embrapa.model.CadEmpresa,javax.servlet.http.HttpServletResponse)
5774 [restartedMain] INFO  o.s.w.s.m.m.a.RequestMappingHandlerMapping - Mapped "{[/cadempresa/{cdEmpresa}],methods=[PUT]}" onto public org.springframework.http.ResponseEntity<br.embrapa.model.CadEmpresa> br.embrapa.resource.CadEmpresaResource.atualizar(java.lang.Long,br.embrapa.model.CadEmpresa)
5775 [restartedMain] INFO  o.s.w.s.m.m.a.RequestMappingHandlerMapping - Mapped "{[/cadfrequencia/{codigo}],methods=[DELETE]}" onto public void br.embrapa.resource.CadFrequenciaResource.remover(java.lang.Long)
5776 [restartedMain] INFO  o.s.w.s.m.m.a.RequestMappingHandlerMapping - Mapped "{[/cadfrequencia/{codigo}],methods=[GET]}" onto public org.springframework.http.ResponseEntity<br.embrapa.model.CadFrequencia> br.embrapa.resource.CadFrequenciaResource.buscarPeloCodigo(java.lang.Long)
5776 [restartedMain] INFO  o.s.w.s.m.m.a.RequestMappingHandlerMapping - Mapped "{[/cadfrequencia],methods=[GET]}" onto public org.springframework.data.domain.Page<br.embrapa.model.CadFrequencia> br.embrapa.resource.CadFrequenciaResource.Pesquisar(br.embrapa.repository.filter.CadFrequenciaFilter,org.springframework.data.domain.Pageable)
5777 [restartedMain] INFO  o.s.w.s.m.m.a.RequestMappingHandlerMapping - Mapped "{[/cadfrequencia],methods=[GET],params=[resumo]}" onto public org.springframework.data.domain.Page<br.embrapa.repository.projections.ResumoCadFrequencia> br.embrapa.resource.CadFrequenciaResource.resumir(br.embrapa.repository.filter.CadFrequenciaFilter,org.springframework.data.domain.Pageable)
5777 [restartedMain] INFO  o.s.w.s.m.m.a.RequestMappingHandlerMapping - Mapped "{[/cadfrequencia],methods=[POST]}" onto public org.springframework.http.ResponseEntity<br.embrapa.model.CadFrequencia> br.embrapa.resource.CadFrequenciaResource.criar(br.embrapa.model.CadFrequencia,javax.servlet.http.HttpServletResponse)
5777 [restartedMain] INFO  o.s.w.s.m.m.a.RequestMappingHandlerMapping - Mapped "{[/cadfrequencia/{codigo}],methods=[PUT]}" onto public org.springframework.http.ResponseEntity<br.embrapa.model.CadFrequencia> br.embrapa.resource.CadFrequenciaResource.atualizar(java.lang.Long,br.embrapa.model.CadFrequencia)
5778 [restartedMain] INFO  o.s.w.s.m.m.a.RequestMappingHandlerMapping - Mapped "{[/cadmaterial/{codigo}],methods=[DELETE]}" onto public void br.embrapa.resource.CadMaterialResource.remover(java.lang.Long)
5779 [restartedMain] INFO  o.s.w.s.m.m.a.RequestMappingHandlerMapping - Mapped "{[/cadmaterial/{codigo}],methods=[GET]}" onto public org.springframework.http.ResponseEntity<br.embrapa.model.CadMaterial> br.embrapa.resource.CadMaterialResource.buscarPeloCodigo(java.lang.Long)
5779 [restartedMain] INFO  o.s.w.s.m.m.a.RequestMappingHandlerMapping - Mapped "{[/cadmaterial],methods=[GET]}" onto public org.springframework.data.domain.Page<br.embrapa.model.CadMaterial> br.embrapa.resource.CadMaterialResource.Pesquisar(br.embrapa.repository.filter.CadMaterialFilter,org.springframework.data.domain.Pageable)
5779 [restartedMain] INFO  o.s.w.s.m.m.a.RequestMappingHandlerMapping - Mapped "{[/cadmaterial],methods=[GET],params=[resumo]}" onto public org.springframework.data.domain.Page<br.embrapa.repository.projections.ResumoCadMaterial> br.embrapa.resource.CadMaterialResource.resumir(br.embrapa.repository.filter.CadMaterialFilter,org.springframework.data.domain.Pageable)
5779 [restartedMain] INFO  o.s.w.s.m.m.a.RequestMappingHandlerMapping - Mapped "{[/cadmaterial],methods=[POST]}" onto public org.springframework.http.ResponseEntity<br.embrapa.model.CadMaterial> br.embrapa.resource.CadMaterialResource.criar(br.embrapa.model.CadMaterial,javax.servlet.http.HttpServletResponse)
5779 [restartedMain] INFO  o.s.w.s.m.m.a.RequestMappingHandlerMapping - Mapped "{[/cadmaterial/{codigo}],methods=[PUT]}" onto public org.springframework.http.ResponseEntity<br.embrapa.model.CadMaterial> br.embrapa.resource.CadMaterialResource.atualizar(java.lang.Long,br.embrapa.model.CadMaterial)
5780 [restartedMain] INFO  o.s.w.s.m.m.a.RequestMappingHandlerMapping - Mapped "{[/cadniveldeavaliacao/{codigo}],methods=[GET]}" onto public org.springframework.http.ResponseEntity<br.embrapa.model.CadNivelDeAvaliacao> br.embrapa.resource.CadNivelDeAvaliacaoResource.buscarPeloCodigo(java.lang.Long)
5780 [restartedMain] INFO  o.s.w.s.m.m.a.RequestMappingHandlerMapping - Mapped "{[/cadniveldeavaliacao],methods=[GET]}" onto public org.springframework.data.domain.Page<br.embrapa.model.CadNivelDeAvaliacao> br.embrapa.resource.CadNivelDeAvaliacaoResource.Pesquisar(br.embrapa.repository.filter.CadNivelDeAvaliacaoFilter,org.springframework.data.domain.Pageable)
5781 [restartedMain] INFO  o.s.w.s.m.m.a.RequestMappingHandlerMapping - Mapped "{[/cadniveldeavaliacao/{codigo}],methods=[PUT]}" onto public org.springframework.http.ResponseEntity<br.embrapa.model.CadNivelDeAvaliacao> br.embrapa.resource.CadNivelDeAvaliacaoResource.atualizar(java.lang.Long,br.embrapa.model.CadNivelDeAvaliacao)
5782 [restartedMain] INFO  o.s.w.s.m.m.a.RequestMappingHandlerMapping - Mapped "{[/cadtipodemetodo/{codigo}],methods=[DELETE]}" onto public void br.embrapa.resource.CadTipoDeMetodoResource.remover(java.lang.Long)
5782 [restartedMain] INFO  o.s.w.s.m.m.a.RequestMappingHandlerMapping - Mapped "{[/cadtipodemetodo/{codigo}],methods=[GET]}" onto public org.springframework.http.ResponseEntity<br.embrapa.model.CadTipoDeMetodo> br.embrapa.resource.CadTipoDeMetodoResource.buscarPeloCodigo(java.lang.Long)
5782 [restartedMain] INFO  o.s.w.s.m.m.a.RequestMappingHandlerMapping - Mapped "{[/cadtipodemetodo],methods=[GET]}" onto public org.springframework.data.domain.Page<br.embrapa.model.CadTipoDeMetodo> br.embrapa.resource.CadTipoDeMetodoResource.Pesquisar(br.embrapa.repository.filter.CadTipoDeMetodoFilter,org.springframework.data.domain.Pageable)
5783 [restartedMain] INFO  o.s.w.s.m.m.a.RequestMappingHandlerMapping - Mapped "{[/cadtipodemetodo],methods=[GET],params=[resumo]}" onto public org.springframework.data.domain.Page<br.embrapa.repository.projections.ResumoCadTipoDeMetodo> br.embrapa.resource.CadTipoDeMetodoResource.resumir(br.embrapa.repository.filter.CadTipoDeMetodoFilter,org.springframework.data.domain.Pageable)
5783 [restartedMain] INFO  o.s.w.s.m.m.a.RequestMappingHandlerMapping - Mapped "{[/cadtipodemetodo],methods=[POST]}" onto public org.springframework.http.ResponseEntity<br.embrapa.model.CadTipoDeMetodo> br.embrapa.resource.CadTipoDeMetodoResource.criar(br.embrapa.model.CadTipoDeMetodo,javax.servlet.http.HttpServletResponse)
5783 [restartedMain] INFO  o.s.w.s.m.m.a.RequestMappingHandlerMapping - Mapped "{[/cadtipodemetodo/{codigo}],methods=[PUT]}" onto public org.springframework.http.ResponseEntity<br.embrapa.model.CadTipoDeMetodo> br.embrapa.resource.CadTipoDeMetodoResource.atualizar(java.lang.Long,br.embrapa.model.CadTipoDeMetodo)
5784 [restartedMain] INFO  o.s.w.s.m.m.a.RequestMappingHandlerMapping - Mapped "{[/cadtipodeverificador/{codigo}],methods=[DELETE]}" onto public void br.embrapa.resource.CadTipoDeVerificadorResource.remover(java.lang.Long)
5785 [restartedMain] INFO  o.s.w.s.m.m.a.RequestMappingHandlerMapping - Mapped "{[/cadtipodeverificador/{codigo}],methods=[GET]}" onto public org.springframework.http.ResponseEntity<br.embrapa.model.CadTipoDeVerificador> br.embrapa.resource.CadTipoDeVerificadorResource.buscarPeloCodigo(java.lang.Long)
5785 [restartedMain] INFO  o.s.w.s.m.m.a.RequestMappingHandlerMapping - Mapped "{[/cadtipodeverificador],methods=[GET]}" onto public org.springframework.data.domain.Page<br.embrapa.model.CadTipoDeVerificador> br.embrapa.resource.CadTipoDeVerificadorResource.Pesquisar(br.embrapa.repository.filter.CadTipoDeVerificadorFilter,org.springframework.data.domain.Pageable)
5785 [restartedMain] INFO  o.s.w.s.m.m.a.RequestMappingHandlerMapping - Mapped "{[/cadtipodeverificador],methods=[POST]}" onto public org.springframework.http.ResponseEntity<br.embrapa.model.CadTipoDeVerificador> br.embrapa.resource.CadTipoDeVerificadorResource.criar(br.embrapa.model.CadTipoDeVerificador,javax.servlet.http.HttpServletResponse)
5785 [restartedMain] INFO  o.s.w.s.m.m.a.RequestMappingHandlerMapping - Mapped "{[/cadtipodeverificador/{codigo}],methods=[PUT]}" onto public org.springframework.http.ResponseEntity<br.embrapa.model.CadTipoDeVerificador> br.embrapa.resource.CadTipoDeVerificadorResource.atualizar(java.lang.Long,br.embrapa.model.CadTipoDeVerificador)
5786 [restartedMain] INFO  o.s.w.s.m.m.a.RequestMappingHandlerMapping - Mapped "{[/menuempresa/empresaselecionada],methods=[GET]}" onto public java.math.BigInteger br.embrapa.resource.MenuEmpresaResource.count(java.lang.Long)
5787 [restartedMain] INFO  o.s.w.s.m.m.a.RequestMappingHandlerMapping - Mapped "{[/menuempresa],methods=[GET]}" onto public org.springframework.data.domain.Page<br.embrapa.model.MenuEmpresa> br.embrapa.resource.MenuEmpresaResource.pesquisar(br.embrapa.repository.filter.MenuEmpresaFilter,org.springframework.data.domain.Pageable)
5787 [restartedMain] INFO  o.s.w.s.m.m.a.RequestMappingHandlerMapping - Mapped "{[/menuempresa/empresaselecionadanome],methods=[GET]}" onto public java.lang.String br.embrapa.resource.MenuEmpresaResource.nomeEmpresa(java.lang.Long)
5787 [restartedMain] INFO  o.s.w.s.m.m.a.RequestMappingHandlerMapping - Mapped "{[/menuempresa/{cdEmpresa}],methods=[DELETE]}" onto public void br.embrapa.resource.MenuEmpresaResource.remover(java.lang.Long)
5787 [restartedMain] INFO  o.s.w.s.m.m.a.RequestMappingHandlerMapping - Mapped "{[/menuempresa/{cdEmpresa}],methods=[GET]}" onto public org.springframework.http.ResponseEntity<br.embrapa.model.MenuEmpresa> br.embrapa.resource.MenuEmpresaResource.buscarPeloCodigo(java.lang.Long)
5787 [restartedMain] INFO  o.s.w.s.m.m.a.RequestMappingHandlerMapping - Mapped "{[/menuempresa],methods=[POST]}" onto public org.springframework.http.ResponseEntity<br.embrapa.model.MenuEmpresa> br.embrapa.resource.MenuEmpresaResource.criar(br.embrapa.model.MenuEmpresa,javax.servlet.http.HttpServletResponse)
5788 [restartedMain] INFO  o.s.w.s.m.m.a.RequestMappingHandlerMapping - Mapped "{[/menuempresa/{cdEmpresa}],methods=[PUT]}" onto public org.springframework.http.ResponseEntity<br.embrapa.model.MenuEmpresa> br.embrapa.resource.MenuEmpresaResource.atualizar(java.lang.Long,br.embrapa.model.MenuEmpresa)
5789 [restartedMain] INFO  o.s.w.s.m.m.a.RequestMappingHandlerMapping - Mapped "{[/unidadedeavaliacao/{codigo}],methods=[DELETE]}" onto public void br.embrapa.resource.ModLocal1Resource.remover(java.lang.Long)
5789 [restartedMain] INFO  o.s.w.s.m.m.a.RequestMappingHandlerMapping - Mapped "{[/unidadedeavaliacao/{codigo}],methods=[GET]}" onto public org.springframework.http.ResponseEntity<br.embrapa.model.ModLocal1> br.embrapa.resource.ModLocal1Resource.buscarPeloCodigo(java.lang.Long)
5789 [restartedMain] INFO  o.s.w.s.m.m.a.RequestMappingHandlerMapping - Mapped "{[/unidadedeavaliacao],methods=[GET]}" onto public org.springframework.data.domain.Page<br.embrapa.model.ModLocal1> br.embrapa.resource.ModLocal1Resource.Pesquisar(br.embrapa.repository.filter.ModLocal1Filter,org.springframework.data.domain.Pageable)
5790 [restartedMain] INFO  o.s.w.s.m.m.a.RequestMappingHandlerMapping - Mapped "{[/unidadedeavaliacao],methods=[GET],params=[resumo]}" onto public org.springframework.data.domain.Page<br.embrapa.repository.projections.ResumoModLocal1> br.embrapa.resource.ModLocal1Resource.resumir(br.embrapa.repository.filter.ModLocal1Filter,org.springframework.data.domain.Pageable)
5790 [restartedMain] INFO  o.s.w.s.m.m.a.RequestMappingHandlerMapping - Mapped "{[/unidadedeavaliacao],methods=[POST]}" onto public org.springframework.http.ResponseEntity<br.embrapa.model.ModLocal1> br.embrapa.resource.ModLocal1Resource.criar(br.embrapa.model.ModLocal1,javax.servlet.http.HttpServletResponse)
5790 [restartedMain] INFO  o.s.w.s.m.m.a.RequestMappingHandlerMapping - Mapped "{[/unidadedeavaliacao/{codigo}],methods=[PUT]}" onto public org.springframework.http.ResponseEntity<br.embrapa.model.ModLocal1> br.embrapa.resource.ModLocal1Resource.atualizar(java.lang.Long,br.embrapa.model.ModLocal1)
5791 [restartedMain] INFO  o.s.w.s.m.m.a.RequestMappingHandlerMapping - Mapped "{[/localdeavaliacao/{codigo}],methods=[DELETE]}" onto public void br.embrapa.resource.ModLocal2Resource.remover(java.lang.Long)
5792 [restartedMain] INFO  o.s.w.s.m.m.a.RequestMappingHandlerMapping - Mapped "{[/localdeavaliacao/{codigo}],methods=[GET]}" onto public org.springframework.http.ResponseEntity<br.embrapa.model.ModLocal2> br.embrapa.resource.ModLocal2Resource.buscarPeloCodigo(java.lang.Long)
5792 [restartedMain] INFO  o.s.w.s.m.m.a.RequestMappingHandlerMapping - Mapped "{[/localdeavaliacao],methods=[GET]}" onto public org.springframework.data.domain.Page<br.embrapa.model.ModLocal2> br.embrapa.resource.ModLocal2Resource.Pesquisar(br.embrapa.repository.filter.ModLocal2Filter,org.springframework.data.domain.Pageable)
5792 [restartedMain] INFO  o.s.w.s.m.m.a.RequestMappingHandlerMapping - Mapped "{[/localdeavaliacao],methods=[GET],params=[resumo]}" onto public org.springframework.data.domain.Page<br.embrapa.repository.projections.ResumoModLocal2> br.embrapa.resource.ModLocal2Resource.resumir(br.embrapa.repository.filter.ModLocal2Filter,org.springframework.data.domain.Pageable)
5792 [restartedMain] INFO  o.s.w.s.m.m.a.RequestMappingHandlerMapping - Mapped "{[/localdeavaliacao],methods=[POST]}" onto public org.springframework.http.ResponseEntity<br.embrapa.model.ModLocal2> br.embrapa.resource.ModLocal2Resource.criar(br.embrapa.model.ModLocal2,javax.servlet.http.HttpServletResponse)
5792 [restartedMain] INFO  o.s.w.s.m.m.a.RequestMappingHandlerMapping - Mapped "{[/localdeavaliacao/{codigo}],methods=[PUT]}" onto public org.springframework.http.ResponseEntity<br.embrapa.model.ModLocal2> br.embrapa.resource.ModLocal2Resource.atualizar(java.lang.Long,br.embrapa.model.ModLocal2)
5795 [restartedMain] INFO  o.s.w.s.m.m.a.RequestMappingHandlerMapping - Mapped "{[/sublocaldeavaliacao/{codigo}],methods=[DELETE]}" onto public void br.embrapa.resource.ModLocal3Resource.remover(java.lang.Long)
5796 [restartedMain] INFO  o.s.w.s.m.m.a.RequestMappingHandlerMapping - Mapped "{[/sublocaldeavaliacao/{codigo}],methods=[GET]}" onto public org.springframework.http.ResponseEntity<br.embrapa.model.ModLocal3> br.embrapa.resource.ModLocal3Resource.buscarPeloCodigo(java.lang.Long)
5796 [restartedMain] INFO  o.s.w.s.m.m.a.RequestMappingHandlerMapping - Mapped "{[/sublocaldeavaliacao],methods=[GET]}" onto public org.springframework.data.domain.Page<br.embrapa.model.ModLocal3> br.embrapa.resource.ModLocal3Resource.Pesquisar(br.embrapa.repository.filter.ModLocal3Filter,org.springframework.data.domain.Pageable)
5796 [restartedMain] INFO  o.s.w.s.m.m.a.RequestMappingHandlerMapping - Mapped "{[/sublocaldeavaliacao],methods=[GET],params=[resumo]}" onto public org.springframework.data.domain.Page<br.embrapa.repository.projections.ResumoModLocal3> br.embrapa.resource.ModLocal3Resource.resumir(br.embrapa.repository.filter.ModLocal3Filter,org.springframework.data.domain.Pageable)
5796 [restartedMain] INFO  o.s.w.s.m.m.a.RequestMappingHandlerMapping - Mapped "{[/sublocaldeavaliacao],methods=[POST]}" onto public org.springframework.http.ResponseEntity<br.embrapa.model.ModLocal3> br.embrapa.resource.ModLocal3Resource.criar(br.embrapa.model.ModLocal3,javax.servlet.http.HttpServletResponse)
5797 [restartedMain] INFO  o.s.w.s.m.m.a.RequestMappingHandlerMapping - Mapped "{[/sublocaldeavaliacao/{codigo}],methods=[PUT]}" onto public org.springframework.http.ResponseEntity<br.embrapa.model.ModLocal3> br.embrapa.resource.ModLocal3Resource.atualizar(java.lang.Long,br.embrapa.model.ModLocal3)
5801 [restartedMain] INFO  o.s.w.s.m.m.a.RequestMappingHandlerMapping - Mapped "{[/modmonitoramentotemplate/{codigo}],methods=[DELETE]}" onto public void br.embrapa.resource.ModMonitoramentoTemplateResource.remover(java.lang.Long)
5801 [restartedMain] INFO  o.s.w.s.m.m.a.RequestMappingHandlerMapping - Mapped "{[/modmonitoramentotemplate/{codigo}],methods=[GET]}" onto public br.embrapa.model.ModMonitoramentoTemplate br.embrapa.resource.ModMonitoramentoTemplateResource.buscarPeloCodigo(java.lang.Long)
5801 [restartedMain] INFO  o.s.w.s.m.m.a.RequestMappingHandlerMapping - Mapped "{[/modmonitoramentotemplate],methods=[GET]}" onto public org.springframework.data.domain.Page<br.embrapa.model.ModMonitoramentoTemplate> br.embrapa.resource.ModMonitoramentoTemplateResource.Pesquisar(br.embrapa.repository.filter.ModMonitoramentoTemplateFilter,org.springframework.data.domain.Pageable)
5801 [restartedMain] INFO  o.s.w.s.m.m.a.RequestMappingHandlerMapping - Mapped "{[/modmonitoramentotemplate],methods=[GET],params=[resumo]}" onto public org.springframework.data.domain.Page<br.embrapa.repository.projections.ResumoModMonitoramentoTemplate> br.embrapa.resource.ModMonitoramentoTemplateResource.resumir(br.embrapa.repository.filter.ModMonitoramentoTemplateFilter,org.springframework.data.domain.Pageable)
5802 [restartedMain] INFO  o.s.w.s.m.m.a.RequestMappingHandlerMapping - Mapped "{[/modmonitoramentotemplate],methods=[POST]}" onto public org.springframework.http.ResponseEntity<br.embrapa.model.ModMonitoramentoTemplate> br.embrapa.resource.ModMonitoramentoTemplateResource.criar(br.embrapa.model.ModMonitoramentoTemplate,javax.servlet.http.HttpServletResponse)
5802 [restartedMain] INFO  o.s.w.s.m.m.a.RequestMappingHandlerMapping - Mapped "{[/modmonitoramentotemplate/{codigo}],methods=[PUT]}" onto public org.springframework.http.ResponseEntity<br.embrapa.model.ModMonitoramentoTemplate> br.embrapa.resource.ModMonitoramentoTemplateResource.atualizar(java.lang.Long,br.embrapa.model.ModMonitoramentoTemplate)
5803 [restartedMain] INFO  o.s.w.s.m.m.a.RequestMappingHandlerMapping - Mapped "{[/modnivel1/{codigo}],methods=[DELETE]}" onto public void br.embrapa.resource.ModNivel1Resource.remover(java.lang.Long)
5803 [restartedMain] INFO  o.s.w.s.m.m.a.RequestMappingHandlerMapping - Mapped "{[/modnivel1/{codigo}],methods=[GET]}" onto public org.springframework.http.ResponseEntity<br.embrapa.model.ModNivel1> br.embrapa.resource.ModNivel1Resource.buscarPeloCodigo(java.lang.Long)
5803 [restartedMain] INFO  o.s.w.s.m.m.a.RequestMappingHandlerMapping - Mapped "{[/modnivel1],methods=[GET]}" onto public org.springframework.data.domain.Page<br.embrapa.model.ModNivel1> br.embrapa.resource.ModNivel1Resource.Pesquisar(br.embrapa.repository.filter.ModNivel1Filter,org.springframework.data.domain.Pageable)
5803 [restartedMain] INFO  o.s.w.s.m.m.a.RequestMappingHandlerMapping - Mapped "{[/modnivel1],methods=[POST]}" onto public org.springframework.http.ResponseEntity<br.embrapa.model.ModNivel1> br.embrapa.resource.ModNivel1Resource.criar(br.embrapa.model.ModNivel1,javax.servlet.http.HttpServletResponse)
5803 [restartedMain] INFO  o.s.w.s.m.m.a.RequestMappingHandlerMapping - Mapped "{[/modnivel1/{codigo}],methods=[PUT]}" onto public org.springframework.http.ResponseEntity<br.embrapa.model.ModNivel1> br.embrapa.resource.ModNivel1Resource.atualizar(java.lang.Long,br.embrapa.model.ModNivel1)
5804 [restartedMain] INFO  o.s.w.s.m.m.a.RequestMappingHandlerMapping - Mapped "{[/modnivel2/{codigo}],methods=[DELETE]}" onto public void br.embrapa.resource.ModNivel2Resource.remover(java.lang.Long)
5804 [restartedMain] INFO  o.s.w.s.m.m.a.RequestMappingHandlerMapping - Mapped "{[/modnivel2/{codigo}],methods=[GET]}" onto public org.springframework.http.ResponseEntity<br.embrapa.model.ModNivel2> br.embrapa.resource.ModNivel2Resource.buscarPeloCodigo(java.lang.Long)
5805 [restartedMain] INFO  o.s.w.s.m.m.a.RequestMappingHandlerMapping - Mapped "{[/modnivel2],methods=[GET]}" onto public org.springframework.data.domain.Page<br.embrapa.model.ModNivel2> br.embrapa.resource.ModNivel2Resource.Pesquisar(br.embrapa.repository.filter.ModNivel2Filter,org.springframework.data.domain.Pageable)
5805 [restartedMain] INFO  o.s.w.s.m.m.a.RequestMappingHandlerMapping - Mapped "{[/modnivel2],methods=[POST]}" onto public org.springframework.http.ResponseEntity<br.embrapa.model.ModNivel2> br.embrapa.resource.ModNivel2Resource.criar(br.embrapa.model.ModNivel2,javax.servlet.http.HttpServletResponse)
5805 [restartedMain] INFO  o.s.w.s.m.m.a.RequestMappingHandlerMapping - Mapped "{[/modnivel2/{codigo}],methods=[PUT]}" onto public org.springframework.http.ResponseEntity<br.embrapa.model.ModNivel2> br.embrapa.resource.ModNivel2Resource.atualizar(java.lang.Long,br.embrapa.model.ModNivel2)
5806 [restartedMain] INFO  o.s.w.s.m.m.a.RequestMappingHandlerMapping - Mapped "{[/modnivel3/{codigo}],methods=[DELETE]}" onto public void br.embrapa.resource.ModNivel3Resource.remover(java.lang.Long)
5806 [restartedMain] INFO  o.s.w.s.m.m.a.RequestMappingHandlerMapping - Mapped "{[/modnivel3/{codigo}],methods=[GET]}" onto public org.springframework.http.ResponseEntity<br.embrapa.model.ModNivel3> br.embrapa.resource.ModNivel3Resource.buscarPeloCodigo(java.lang.Long)
5806 [restartedMain] INFO  o.s.w.s.m.m.a.RequestMappingHandlerMapping - Mapped "{[/modnivel3],methods=[GET]}" onto public org.springframework.data.domain.Page<br.embrapa.model.ModNivel3> br.embrapa.resource.ModNivel3Resource.Pesquisar(br.embrapa.repository.filter.ModNivel3Filter,org.springframework.data.domain.Pageable)
5807 [restartedMain] INFO  o.s.w.s.m.m.a.RequestMappingHandlerMapping - Mapped "{[/modnivel3],methods=[POST]}" onto public org.springframework.http.ResponseEntity<br.embrapa.model.ModNivel3> br.embrapa.resource.ModNivel3Resource.criar(br.embrapa.model.ModNivel3,javax.servlet.http.HttpServletResponse)
5807 [restartedMain] INFO  o.s.w.s.m.m.a.RequestMappingHandlerMapping - Mapped "{[/modnivel3/{codigo}],methods=[PUT]}" onto public org.springframework.http.ResponseEntity<br.embrapa.model.ModNivel3> br.embrapa.resource.ModNivel3Resource.atualizar(java.lang.Long,br.embrapa.model.ModNivel3)
5807 [restartedMain] INFO  o.s.w.s.m.m.a.RequestMappingHandlerMapping - Mapped "{[/modnivel4/{codigo}],methods=[DELETE]}" onto public void br.embrapa.resource.ModNivel4Resource.remover(java.lang.Long)
5808 [restartedMain] INFO  o.s.w.s.m.m.a.RequestMappingHandlerMapping - Mapped "{[/modnivel4/{codigo}],methods=[GET]}" onto public org.springframework.http.ResponseEntity<br.embrapa.model.ModNivel4> br.embrapa.resource.ModNivel4Resource.buscarPeloCodigo(java.lang.Long)
5808 [restartedMain] INFO  o.s.w.s.m.m.a.RequestMappingHandlerMapping - Mapped "{[/modnivel4],methods=[GET]}" onto public org.springframework.data.domain.Page<br.embrapa.model.ModNivel4> br.embrapa.resource.ModNivel4Resource.Pesquisar(br.embrapa.repository.filter.ModNivel4Filter,org.springframework.data.domain.Pageable)
5808 [restartedMain] INFO  o.s.w.s.m.m.a.RequestMappingHandlerMapping - Mapped "{[/modnivel4],methods=[POST]}" onto public org.springframework.http.ResponseEntity<br.embrapa.model.ModNivel4> br.embrapa.resource.ModNivel4Resource.criar(br.embrapa.model.ModNivel4,javax.servlet.http.HttpServletResponse)
5808 [restartedMain] INFO  o.s.w.s.m.m.a.RequestMappingHandlerMapping - Mapped "{[/modnivel4/{codigo}],methods=[PUT]}" onto public org.springframework.http.ResponseEntity<br.embrapa.model.ModNivel4> br.embrapa.resource.ModNivel4Resource.atualizar(java.lang.Long,br.embrapa.model.ModNivel4)
5809 [restartedMain] INFO  o.s.w.s.m.m.a.RequestMappingHandlerMapping - Mapped "{[/modverificadoresmonitoramentotemplate/count],methods=[GET]}" onto public java.math.BigInteger br.embrapa.resource.ModVerificadoresMonitoramentoTemplateResource.count(java.lang.Long)
5809 [restartedMain] INFO  o.s.w.s.m.m.a.RequestMappingHandlerMapping - Mapped "{[/modverificadoresmonitoramentotemplate/{codigo}],methods=[DELETE]}" onto public void br.embrapa.resource.ModVerificadoresMonitoramentoTemplateResource.remover(java.lang.Long)
5809 [restartedMain] INFO  o.s.w.s.m.m.a.RequestMappingHandlerMapping - Mapped "{[/modverificadoresmonitoramentotemplate/{codigo}],methods=[GET]}" onto public org.springframework.http.ResponseEntity<br.embrapa.model.ModVerificadoresMonitoramentoTemplate> br.embrapa.resource.ModVerificadoresMonitoramentoTemplateResource.buscarPeloCodigo(java.lang.Long)
5809 [restartedMain] INFO  o.s.w.s.m.m.a.RequestMappingHandlerMapping - Mapped "{[/modverificadoresmonitoramentotemplate],methods=[GET]}" onto public org.springframework.data.domain.Page<br.embrapa.model.ModVerificadoresMonitoramentoTemplate> br.embrapa.resource.ModVerificadoresMonitoramentoTemplateResource.Pesquisar(br.embrapa.repository.filter.ModVerificadoresMonitoramentoTemplateFilter,org.springframework.data.domain.Pageable)
5810 [restartedMain] INFO  o.s.w.s.m.m.a.RequestMappingHandlerMapping - Mapped "{[/modverificadoresmonitoramentotemplate],methods=[GET],params=[resumo]}" onto public org.springframework.data.domain.Page<br.embrapa.repository.projections.ResumoVerificadoresMonitoramentoTemplate> br.embrapa.resource.ModVerificadoresMonitoramentoTemplateResource.resumir(br.embrapa.repository.filter.ModVerificadoresMonitoramentoTemplateFilter,org.springframework.data.domain.Pageable)
5810 [restartedMain] INFO  o.s.w.s.m.m.a.RequestMappingHandlerMapping - Mapped "{[/modverificadoresmonitoramentotemplate],methods=[POST]}" onto public org.springframework.http.ResponseEntity<br.embrapa.model.ModVerificadoresMonitoramentoTemplate> br.embrapa.resource.ModVerificadoresMonitoramentoTemplateResource.criar(br.embrapa.model.ModVerificadoresMonitoramentoTemplate,javax.servlet.http.HttpServletResponse)
5810 [restartedMain] INFO  o.s.w.s.m.m.a.RequestMappingHandlerMapping - Mapped "{[/modverificadoresmonitoramentotemplate/relatorio],methods=[GET]}" onto public org.springframework.http.ResponseEntity<byte[]> br.embrapa.resource.ModVerificadoresMonitoramentoTemplateResource.todosVerificadores(java.lang.Long) throws java.lang.Exception
5810 [restartedMain] INFO  o.s.w.s.m.m.a.RequestMappingHandlerMapping - Mapped "{[/tokens/revoke],methods=[DELETE]}" onto public void br.embrapa.resource.TokenResource.revoke(javax.servlet.http.HttpServletRequest,javax.servlet.http.HttpServletResponse)
5811 [restartedMain] INFO  o.s.w.s.m.m.a.RequestMappingHandlerMapping - Mapped "{[/verificador_local_m/{codigo}],methods=[GET]}" onto public org.springframework.http.ResponseEntity<br.embrapa.model.Verificador_Local_m> br.embrapa.resource.Verificador_Local_mResource.buscarPeloCodigo(java.lang.Long)
5811 [restartedMain] INFO  o.s.w.s.m.m.a.RequestMappingHandlerMapping - Mapped "{[/verificador_local_m],methods=[GET]}" onto public java.util.List<br.embrapa.model.Verificador_Local_m> br.embrapa.resource.Verificador_Local_mResource.Pesquisar(br.embrapa.repository.filter.Verificador_Local_mFilter)
5812 [restartedMain] INFO  o.s.w.s.m.m.a.RequestMappingHandlerMapping - Mapped "{[/verificador_m/{codigo}],methods=[GET]}" onto public org.springframework.http.ResponseEntity<br.embrapa.model.Verificador_m> br.embrapa.resource.Verificador_mResource.buscarPeloCodigo(java.lang.Long)
5812 [restartedMain] INFO  o.s.w.s.m.m.a.RequestMappingHandlerMapping - Mapped "{[/verificador_m],methods=[GET]}" onto public java.util.List<br.embrapa.model.Verificador_m> br.embrapa.resource.Verificador_mResource.Pesquisar(br.embrapa.repository.filter.Verificador_mFilter)
5812 [restartedMain] INFO  o.s.w.s.m.m.a.RequestMappingHandlerMapping - Mapped "{[/verificador_m],methods=[GET],params=[resumo]}" onto public java.util.List<br.embrapa.repository.projections.ResumoVerificador_m> br.embrapa.resource.Verificador_mResource.resumir(br.embrapa.repository.filter.Verificador_mFilter)
5813 [restartedMain] INFO  o.s.w.s.m.m.a.RequestMappingHandlerMapping - Mapped "{[/verificador_m/{codigo}],methods=[PUT]}" onto public org.springframework.http.ResponseEntity<br.embrapa.model.Verificador_m> br.embrapa.resource.Verificador_mResource.atualizar(java.lang.Long,br.embrapa.model.Verificador_m)
5815 [restartedMain] INFO  o.s.w.s.m.m.a.RequestMappingHandlerMapping - Mapped "{[/error]}" onto public org.springframework.http.ResponseEntity<java.util.Map<java.lang.String, java.lang.Object>> org.springframework.boot.autoconfigure.web.BasicErrorController.error(javax.servlet.http.HttpServletRequest)
5816 [restartedMain] INFO  o.s.w.s.m.m.a.RequestMappingHandlerMapping - Mapped "{[/error],produces=[text/html]}" onto public org.springframework.web.servlet.ModelAndView org.springframework.boot.autoconfigure.web.BasicErrorController.errorHtml(javax.servlet.http.HttpServletRequest,javax.servlet.http.HttpServletResponse)
5843 [restartedMain] INFO  o.s.w.s.h.SimpleUrlHandlerMapping - Mapped URL path [/webjars/**] onto handler of type [class org.springframework.web.servlet.resource.ResourceHttpRequestHandler]
5843 [restartedMain] INFO  o.s.w.s.h.SimpleUrlHandlerMapping - Mapped URL path [/**] onto handler of type [class org.springframework.web.servlet.resource.ResourceHttpRequestHandler]
5860 [restartedMain] INFO  o.s.w.s.m.m.a.ExceptionHandlerExceptionResolver - Detected ResponseBodyAdvice implementation in refreshTokenPostProcessor
5880 [restartedMain] INFO  o.s.w.s.h.SimpleUrlHandlerMapping - Mapped URL path [/**/favicon.ico] onto handler of type [class org.springframework.web.servlet.resource.ResourceHttpRequestHandler]
6099 [restartedMain] INFO  o.s.b.d.a.OptionalLiveReloadServer - LiveReload server is running on port 35729
6148 [restartedMain] INFO  o.s.j.e.a.AnnotationMBeanExporter - Registering beans for JMX exposure on startup
6163 [restartedMain] INFO  o.a.coyote.http11.Http11NioProtocol - Starting ProtocolHandler ["http-nio-8081"]
6173 [restartedMain] INFO  o.a.tomcat.util.net.NioSelectorPool - Using a shared selector for servlet write/read
6183 [restartedMain] INFO  o.s.b.c.e.t.TomcatEmbeddedServletContainer - Tomcat started on port(s): 8081 (http)
6189 [restartedMain] INFO  br.embrapa.MopApi1Application - Started MopApi1Application in 5.887 seconds (JVM running for 6.701)
112876 [Thread-9] INFO  o.s.b.c.e.AnnotationConfigEmbeddedWebApplicationContext - Closing org.springframework.boot.context.embedded.AnnotationConfigEmbeddedWebApplicationContext@2cb7e8f: startup date [Sun Sep 20 11:06:31 BRT 2020]; root of context hierarchy
112878 [Thread-9] INFO  o.s.j.e.a.AnnotationMBeanExporter - Unregistering JMX-exposed beans on shutdown
112888 [Thread-9] INFO  o.s.o.j.LocalContainerEntityManagerFactoryBean - Closing JPA EntityManagerFactory for persistence unit 'default'
